#
# There is insufficient memory for the Java Runtime Environment to continue.
# Native memory allocation (malloc) failed to allocate 194896 bytes for Chunk::new
# Possible reasons:
#   The system is out of physical RAM or swap space
#   The process is running with CompressedOops enabled, and the Java Heap may be blocking the growth of the native heap
# Possible solutions:
#   Reduce memory load on the system
#   Increase physical memory or swap space
#   Check if swap backing store is full
#   Decrease Java heap size (-Xmx/-Xms)
#   Decrease number of Java threads
#   Decrease Java thread stack sizes (-Xss)
#   Set larger code cache with -XX:ReservedCodeCacheSize=
#   JVM is running with Unscaled Compressed Oops mode in which the Java heap is
#     placed in the first 4GB address space. The Java Heap base address is the
#     maximum limit for the native heap growth. Please use -XX:HeapBaseMinAddress
#     to set the Java Heap base and to place the Java Heap above 4GB virtual address.
# This output file may be truncated or incomplete.
#
#  Out of Memory Error (allocation.cpp:389), pid=10328, tid=0x000000000000041c
#
# JRE version: Java(TM) SE Runtime Environment (8.0_251-b08) (build 1.8.0_251-b08)
# Java VM: Java HotSpot(TM) 64-Bit Server VM (25.251-b08 mixed mode windows-amd64 compressed oops)
# Failed to write core dump. Minidumps are not enabled by default on client versions of Windows
#

---------------  T H R E A D  ---------------

Current thread (0x000000001960d000):  JavaThread "C2 CompilerThread1" daemon [_thread_in_native, id=1052, stack(0x0000000019ed0000,0x0000000019fd0000)]

Stack: [0x0000000019ed0000,0x0000000019fd0000]
[error occurred during error reporting (printing stack bounds), id 0xc0000005]

Native frames: (J=compiled Java code, j=interpreted, Vv=VM code, C=native code)


Current CompileTask:
C2:  10756 5993 %     4       sun.nio.cs.UTF_8$Decoder::decodeArrayLoop @ 73 (691 bytes)


---------------  P R O C E S S  ---------------

Java Threads: ( => current thread )
  0x00000000197e2800 JavaThread "Thread-5" [_thread_in_native, id=17172, stack(0x00000000229a0000,0x0000000022aa0000)]
  0x000000001b851800 JavaThread "Thread-4" [_thread_in_native, id=18208, stack(0x00000000228a0000,0x00000000229a0000)]
  0x000000001c9cc000 JavaThread "Thread-3" [_thread_blocked, id=12360, stack(0x00000000227a0000,0x00000000228a0000)]
  0x000000001ce57800 JavaThread "ThreadedStreamConsumer" daemon [_thread_blocked, id=9496, stack(0x00000000226a0000,0x00000000227a0000)]
  0x000000001b0f1000 JavaThread "ping-timer-10s" daemon [_thread_blocked, id=8288, stack(0x00000000225a0000,0x00000000226a0000)]
  0x000000001e9ab000 JavaThread "timeout-check-timer" daemon [_thread_blocked, id=16632, stack(0x00000000224a0000,0x00000000225a0000)]
  0x000000001b629800 JavaThread "resolver-5" daemon [_thread_blocked, id=9816, stack(0x00000000223a0000,0x00000000224a0000)]
  0x000000001c956000 JavaThread "resolver-4" daemon [_thread_blocked, id=9008, stack(0x00000000212a0000,0x00000000213a0000)]
  0x000000001e711800 JavaThread "resolver-3" daemon [_thread_blocked, id=18100, stack(0x00000000211a0000,0x00000000212a0000)]
  0x000000001ad68000 JavaThread "resolver-2" daemon [_thread_blocked, id=1700, stack(0x00000000210a0000,0x00000000211a0000)]
  0x000000001dd84800 JavaThread "resolver-1" daemon [_thread_blocked, id=8216, stack(0x000000001ff00000,0x0000000020000000)]
  0x000000001968d000 JavaThread "Service Thread" daemon [_thread_blocked, id=6872, stack(0x000000001a1d0000,0x000000001a2d0000)]
  0x0000000019671800 JavaThread "C1 CompilerThread3" daemon [_thread_blocked, id=10984, stack(0x000000001a0d0000,0x000000001a1d0000)]
  0x0000000019668800 JavaThread "C2 CompilerThread2" daemon [_thread_blocked, id=16816, stack(0x0000000019fd0000,0x000000001a0d0000)]
=>0x000000001960d000 JavaThread "C2 CompilerThread1" daemon [_thread_in_native, id=1052, stack(0x0000000019ed0000,0x0000000019fd0000)]
  0x000000001960a800 JavaThread "C2 CompilerThread0" daemon [_thread_blocked, id=4724, stack(0x0000000019dd0000,0x0000000019ed0000)]
  0x0000000019608000 JavaThread "Attach Listener" daemon [_thread_blocked, id=16376, stack(0x0000000019cd0000,0x0000000019dd0000)]
  0x0000000019663000 JavaThread "Signal Dispatcher" daemon [_thread_blocked, id=18160, stack(0x0000000019bd0000,0x0000000019cd0000)]
  0x000000000285a000 JavaThread "Finalizer" daemon [_thread_blocked, id=18404, stack(0x0000000019ad0000,0x0000000019bd0000)]
  0x00000000195f0800 JavaThread "Reference Handler" daemon [_thread_blocked, id=15232, stack(0x00000000199d0000,0x0000000019ad0000)]
  0x0000000002762800 JavaThread "main" [_thread_in_native, id=14296, stack(0x0000000002660000,0x0000000002760000)]

Other Threads:
  0x00000000177f7800 VMThread [stack: 0x00000000194d0000,0x00000000195d0000] [id=11000]
  0x0000000019711000 WatcherThread [stack: 0x000000001a2d0000,0x000000001a3d0000] [id=9104]

VM state:not at safepoint (normal execution)

VM Mutex/Monitor currently owned by a thread: None

heap address: 0x0000000081800000, size: 2024 MB, Compressed Oops mode: 32-bit
Narrow klass base: 0x0000000000000000, Narrow klass shift: 3
Compressed class space size: 1073741824 Address: 0x0000000100000000

Heap:
 PSYoungGen      total 223232K, used 206306K [0x00000000d5d80000, 0x00000000e7780000, 0x0000000100000000)
  eden space 211968K, 92% used [0x00000000d5d80000,0x00000000e1bfe430,0x00000000e2c80000)
  from space 11264K, 99% used [0x00000000e6c80000,0x00000000e777a488,0x00000000e7780000)
  to   space 15872K, 0% used [0x00000000e5880000,0x00000000e5880000,0x00000000e6800000)
 ParOldGen       total 79360K, used 26628K [0x0000000081800000, 0x0000000086580000, 0x00000000d5d80000)
  object space 79360K, 33% used [0x0000000081800000,0x0000000083201338,0x0000000086580000)
 Metaspace       used 29248K, capacity 30156K, committed 30464K, reserved 1077248K
  class space    used 3324K, capacity 3512K, committed 3584K, reserved 1048576K

Card table byte_map: [0x0000000011c20000,0x0000000012020000] byte_map_base: 0x0000000011814000

Marking Bits: (ParMarkBitMap*) 0x000000005f8daf90
 Begin Bits: [0x0000000012ad0000, 0x0000000014a70000)
 End Bits:   [0x0000000014a70000, 0x0000000016a10000)

Polling page: 0x0000000000540000

CodeCache: size=245760Kb used=19157Kb max_used=20924Kb free=226602Kb
 bounds [0x0000000002860000, 0x0000000003d00000, 0x0000000011860000]
 total_blobs=5562 nmethods=5096 adapters=378
 compilation: enabled

Compilation events (10 events):
Event: 10.071 Thread 0x0000000019671800 5990       3       java.lang.ProcessEnvironment$CheckedEntry::getKey (5 bytes)
Event: 10.071 Thread 0x0000000019671800 nmethod 5990 0x00000000035925d0 code [0x0000000003592740, 0x0000000003592aa8]
Event: 10.073 Thread 0x0000000019671800 5988       3       java.lang.ProcessEnvironment$CheckedEntrySet$1::next (20 bytes)
Event: 10.075 Thread 0x0000000019671800 nmethod 5988 0x0000000002b13f10 code [0x0000000002b140a0, 0x0000000002b144e8]
Event: 10.097 Thread 0x000000001960a800 nmethod 5900 0x00000000034510d0 code [0x00000000034517e0, 0x0000000003455570]
Event: 10.725 Thread 0x000000001960d000 5993 %     4       sun.nio.cs.UTF_8$Decoder::decodeArrayLoop @ 73 (691 bytes)
Event: 10.726 Thread 0x0000000019671800 5994   !   3       java.io.BufferedReader::readLine (304 bytes)
Event: 10.731 Thread 0x0000000019671800 nmethod 5994 0x00000000036dbbd0 code [0x00000000036dbe60, 0x00000000036dd248]
Event: 10.732 Thread 0x0000000019671800 5995       3       org.apache.maven.surefire.util.internal.StringUtils::digit (33 bytes)
Event: 10.732 Thread 0x0000000019671800 nmethod 5995 0x0000000003056310 code [0x0000000003056460, 0x0000000003056630]

GC Heap History (10 events):
Event: 3.366 GC heap before
{Heap before GC invocations=5 (full 0):
 PSYoungGen      total 71680K, used 71656K [0x00000000d5d80000, 0x00000000da880000, 0x0000000100000000)
  eden space 66560K, 100% used [0x00000000d5d80000,0x00000000d9e80000,0x00000000d9e80000)
  from space 5120K, 99% used [0x00000000da380000,0x00000000da87a020,0x00000000da880000)
  to   space 5120K, 0% used [0x00000000d9e80000,0x00000000d9e80000,0x00000000da380000)
 ParOldGen       total 87552K, used 10266K [0x0000000081800000, 0x0000000086d80000, 0x00000000d5d80000)
  object space 87552K, 11% used [0x0000000081800000,0x0000000082206a38,0x0000000086d80000)
 Metaspace       used 16598K, capacity 16962K, committed 17152K, reserved 1064960K
  class space    used 1916K, capacity 2020K, committed 2048K, reserved 1048576K
Event: 3.378 GC heap after
Heap after GC invocations=5 (full 0):
 PSYoungGen      total 71680K, used 5096K [0x00000000d5d80000, 0x00000000df780000, 0x0000000100000000)
  eden space 66560K, 0% used [0x00000000d5d80000,0x00000000d5d80000,0x00000000d9e80000)
  from space 5120K, 99% used [0x00000000d9e80000,0x00000000da37a020,0x00000000da380000)
  to   space 12288K, 0% used [0x00000000deb80000,0x00000000deb80000,0x00000000df780000)
 ParOldGen       total 87552K, used 16189K [0x0000000081800000, 0x0000000086d80000, 0x00000000d5d80000)
  object space 87552K, 18% used [0x0000000081800000,0x00000000827cf590,0x0000000086d80000)
 Metaspace       used 16598K, capacity 16962K, committed 17152K, reserved 1064960K
  class space    used 1916K, capacity 2020K, committed 2048K, reserved 1048576K
}
Event: 3.836 GC heap before
{Heap before GC invocations=6 (full 0):
 PSYoungGen      total 71680K, used 62861K [0x00000000d5d80000, 0x00000000df780000, 0x0000000100000000)
  eden space 66560K, 86% used [0x00000000d5d80000,0x00000000d95e9728,0x00000000d9e80000)
  from space 5120K, 99% used [0x00000000d9e80000,0x00000000da37a020,0x00000000da380000)
  to   space 12288K, 0% used [0x00000000deb80000,0x00000000deb80000,0x00000000df780000)
 ParOldGen       total 87552K, used 16189K [0x0000000081800000, 0x0000000086d80000, 0x00000000d5d80000)
  object space 87552K, 18% used [0x0000000081800000,0x00000000827cf590,0x0000000086d80000)
 Metaspace       used 17578K, capacity 18074K, committed 18304K, reserved 1064960K
  class space    used 2017K, capacity 2156K, committed 2176K, reserved 1048576K
Event: 3.858 GC heap after
Heap after GC invocations=6 (full 0):
 PSYoungGen      total 144384K, used 7879K [0x00000000d5d80000, 0x00000000df680000, 0x0000000100000000)
  eden space 133120K, 0% used [0x00000000d5d80000,0x00000000d5d80000,0x00000000ddf80000)
  from space 11264K, 69% used [0x00000000deb80000,0x00000000df331ef8,0x00000000df680000)
  to   space 11776K, 0% used [0x00000000ddf80000,0x00000000ddf80000,0x00000000deb00000)
 ParOldGen       total 87552K, used 35397K [0x0000000081800000, 0x0000000086d80000, 0x00000000d5d80000)
  object space 87552K, 40% used [0x0000000081800000,0x0000000083a915b0,0x0000000086d80000)
 Metaspace       used 17578K, capacity 18074K, committed 18304K, reserved 1064960K
  class space    used 2017K, capacity 2156K, committed 2176K, reserved 1048576K
}
Event: 4.503 GC heap before
{Heap before GC invocations=7 (full 0):
 PSYoungGen      total 144384K, used 79786K [0x00000000d5d80000, 0x00000000df680000, 0x0000000100000000)
  eden space 133120K, 54% used [0x00000000d5d80000,0x00000000da3b8b90,0x00000000ddf80000)
  from space 11264K, 69% used [0x00000000deb80000,0x00000000df331ef8,0x00000000df680000)
  to   space 11776K, 0% used [0x00000000ddf80000,0x00000000ddf80000,0x00000000deb00000)
 ParOldGen       total 87552K, used 35397K [0x0000000081800000, 0x0000000086d80000, 0x00000000d5d80000)
  object space 87552K, 40% used [0x0000000081800000,0x0000000083a915b0,0x0000000086d80000)
 Metaspace       used 20606K, capacity 21152K, committed 21248K, reserved 1069056K
  class space    used 2398K, capacity 2525K, committed 2560K, reserved 1048576K
Event: 4.522 GC heap after
Heap after GC invocations=7 (full 0):
 PSYoungGen      total 144896K, used 7975K [0x00000000d5d80000, 0x00000000e7780000, 0x0000000100000000)
  eden space 133120K, 0% used [0x00000000d5d80000,0x00000000d5d80000,0x00000000ddf80000)
  from space 11776K, 67% used [0x00000000ddf80000,0x00000000de749f58,0x00000000deb00000)
  to   space 11264K, 0% used [0x00000000e6c80000,0x00000000e6c80000,0x00000000e7780000)
 ParOldGen       total 87552K, used 36819K [0x0000000081800000, 0x0000000086d80000, 0x00000000d5d80000)
  object space 87552K, 42% used [0x0000000081800000,0x0000000083bf4e90,0x0000000086d80000)
 Metaspace       used 20606K, capacity 21152K, committed 21248K, reserved 1069056K
  class space    used 2398K, capacity 2525K, committed 2560K, reserved 1048576K
}
Event: 4.522 GC heap before
{Heap before GC invocations=8 (full 1):
 PSYoungGen      total 144896K, used 7975K [0x00000000d5d80000, 0x00000000e7780000, 0x0000000100000000)
  eden space 133120K, 0% used [0x00000000d5d80000,0x00000000d5d80000,0x00000000ddf80000)
  from space 11776K, 67% used [0x00000000ddf80000,0x00000000de749f58,0x00000000deb00000)
  to   space 11264K, 0% used [0x00000000e6c80000,0x00000000e6c80000,0x00000000e7780000)
 ParOldGen       total 87552K, used 36819K [0x0000000081800000, 0x0000000086d80000, 0x00000000d5d80000)
  object space 87552K, 42% used [0x0000000081800000,0x0000000083bf4e90,0x0000000086d80000)
 Metaspace       used 20606K, capacity 21152K, committed 21248K, reserved 1069056K
  class space    used 2398K, capacity 2525K, committed 2560K, reserved 1048576K
Event: 4.582 GC heap after
Heap after GC invocations=8 (full 1):
 PSYoungGen      total 144896K, used 0K [0x00000000d5d80000, 0x00000000e7780000, 0x0000000100000000)
  eden space 133120K, 0% used [0x00000000d5d80000,0x00000000d5d80000,0x00000000ddf80000)
  from space 11776K, 0% used [0x00000000ddf80000,0x00000000ddf80000,0x00000000deb00000)
  to   space 11264K, 0% used [0x00000000e6c80000,0x00000000e6c80000,0x00000000e7780000)
 ParOldGen       total 79360K, used 18570K [0x0000000081800000, 0x0000000086580000, 0x00000000d5d80000)
  object space 79360K, 23% used [0x0000000081800000,0x0000000082a22ae0,0x0000000086580000)
 Metaspace       used 20606K, capacity 21152K, committed 21248K, reserved 1069056K
  class space    used 2398K, capacity 2525K, committed 2560K, reserved 1048576K
}
Event: 6.845 GC heap before
{Heap before GC invocations=9 (full 1):
 PSYoungGen      total 144896K, used 133120K [0x00000000d5d80000, 0x00000000e7780000, 0x0000000100000000)
  eden space 133120K, 100% used [0x00000000d5d80000,0x00000000ddf80000,0x00000000ddf80000)
  from space 11776K, 0% used [0x00000000ddf80000,0x00000000ddf80000,0x00000000deb00000)
  to   space 11264K, 0% used [0x00000000e6c80000,0x00000000e6c80000,0x00000000e7780000)
 ParOldGen       total 79360K, used 18570K [0x0000000081800000, 0x0000000086580000, 0x00000000d5d80000)
  object space 79360K, 23% used [0x0000000081800000,0x0000000082a22ae0,0x0000000086580000)
 Metaspace       used 25170K, capacity 25896K, committed 26240K, reserved 1073152K
  class space    used 2885K, capacity 3078K, committed 3200K, reserved 1048576K
Event: 6.861 GC heap after
Heap after GC invocations=9 (full 1):
 PSYoungGen      total 223232K, used 11241K [0x00000000d5d80000, 0x00000000e7780000, 0x0000000100000000)
  eden space 211968K, 0% used [0x00000000d5d80000,0x00000000d5d80000,0x00000000e2c80000)
  from space 11264K, 99% used [0x00000000e6c80000,0x00000000e777a488,0x00000000e7780000)
  to   space 15872K, 0% used [0x00000000e5880000,0x00000000e5880000,0x00000000e6800000)
 ParOldGen       total 79360K, used 26628K [0x0000000081800000, 0x0000000086580000, 0x00000000d5d80000)
  object space 79360K, 33% used [0x0000000081800000,0x0000000083201338,0x0000000086580000)
 Metaspace       used 25170K, capacity 25896K, committed 26240K, reserved 1073152K
  class space    used 2885K, capacity 3078K, committed 3200K, reserved 1048576K
}

Deoptimization events (10 events):
Event: 9.669 Thread 0x000000001dd84800 Uncommon trap: reason=null_check action=make_not_entrant pc=0x00000000036aecec method=java.lang.StringCoding.deref(Ljava/lang/ThreadLocal;)Ljava/lang/Object; @ 4
Event: 9.676 Thread 0x0000000002762800 Uncommon trap: reason=unstable_if action=reinterpret pc=0x00000000033e7d68 method=org.codehaus.plexus.util.xml.Xpp3DomBuilder.build(Lorg/codehaus/plexus/util/xml/pull/XmlPullParser;ZLorg/codehaus/plexus/util/xml/Xpp3DomBuilder$InputLocationBuilder;)Lorg/c
Event: 9.980 Thread 0x0000000002762800 Uncommon trap: reason=unstable_if action=reinterpret pc=0x0000000002ec479c method=java.io.BufferedWriter.min(II)I @ 2
Event: 9.980 Thread 0x0000000002762800 Uncommon trap: reason=speculate_class_check action=maybe_recompile pc=0x0000000002f338e8 method=java.nio.charset.CharsetEncoder.encode(Ljava/nio/CharBuffer;Ljava/nio/ByteBuffer;Z)Ljava/nio/charset/CoderResult; @ 57
Event: 9.983 Thread 0x0000000002762800 Uncommon trap: reason=speculate_class_check action=maybe_recompile pc=0x0000000002f338e8 method=java.nio.charset.CharsetEncoder.encode(Ljava/nio/CharBuffer;Ljava/nio/ByteBuffer;Z)Ljava/nio/charset/CoderResult; @ 57
Event: 9.985 Thread 0x0000000002762800 Uncommon trap: reason=speculate_class_check action=maybe_recompile pc=0x0000000002f338e8 method=java.nio.charset.CharsetEncoder.encode(Ljava/nio/CharBuffer;Ljava/nio/ByteBuffer;Z)Ljava/nio/charset/CoderResult; @ 57
Event: 10.039 Thread 0x0000000002762800 Uncommon trap: reason=unstable_if action=reinterpret pc=0x0000000002ab3214 method=java.util.zip.DeflaterOutputStream.deflate()V @ 19
Event: 10.068 Thread 0x0000000002762800 Uncommon trap: reason=class_check action=maybe_recompile pc=0x00000000032be248 method=java.util.Collections$UnmodifiableMap$UnmodifiableEntrySet$1.<init>(Ljava/util/Collections$UnmodifiableMap$UnmodifiableEntrySet;)V @ 17
Event: 10.726 Thread 0x000000001b851800 Uncommon trap: reason=unstable_if action=reinterpret pc=0x0000000003403e8c method=java.io.BufferedReader.readLine(Z)Ljava/lang/String; @ 265
Event: 10.729 Thread 0x000000001ce57800 Uncommon trap: reason=unstable_if action=reinterpret pc=0x000000000358b7a4 method=java.util.StringTokenizer.nextToken()Ljava/lang/String; @ 5

Classes redefined (0 events):
No events

Internal exceptions (10 events):
Event: 5.142 Thread 0x0000000002762800 Exception <a 'java/io/FileNotFoundException'> (0x00000000d6de52e0) thrown at [C:\jenkins\workspace\8-2-build-windows-amd64-cygwin\jdk8u251\737\hotspot\src\share\vm\prims\jni.cpp, line 710]
Event: 5.144 Thread 0x0000000002762800 Exception <a 'java/io/FileNotFoundException'> (0x00000000d6e1bf40) thrown at [C:\jenkins\workspace\8-2-build-windows-amd64-cygwin\jdk8u251\737\hotspot\src\share\vm\prims\jni.cpp, line 710]
Event: 6.152 Thread 0x0000000002762800 Implicit null exception at 0x0000000002f47ab1 to 0x0000000002f47eb5
Event: 6.154 Thread 0x0000000002762800 Implicit null exception at 0x0000000002f350d5 to 0x0000000002f352cd
Event: 6.953 Thread 0x0000000002762800 Implicit null exception at 0x0000000002ead0b1 to 0x0000000002eadc69
Event: 6.953 Thread 0x0000000002762800 Implicit null exception at 0x0000000002c1b71b to 0x0000000002c1bb8d
Event: 8.249 Thread 0x0000000002762800 Exception <a 'java/io/FileNotFoundException'> (0x00000000d96d1900) thrown at [C:\jenkins\workspace\8-2-build-windows-amd64-cygwin\jdk8u251\737\hotspot\src\share\vm\prims\jni.cpp, line 710]
Event: 8.250 Thread 0x0000000002762800 Exception <a 'java/io/FileNotFoundException'> (0x00000000d96d3428) thrown at [C:\jenkins\workspace\8-2-build-windows-amd64-cygwin\jdk8u251\737\hotspot\src\share\vm\prims\jni.cpp, line 710]
Event: 9.640 Thread 0x0000000002762800 Exception <a 'java/lang/NoSuchMethodError': org.apache.maven.execution.MavenExecutionRequest.getFailureBehavior()Ljava/lang/String;> (0x00000000de9566c0) thrown at [C:\jenkins\workspace\8-2-build-windows-amd64-cygwin\jdk8u251\737\hotspot\src\share\vm\inte
Event: 9.669 Thread 0x000000001dd84800 Implicit null exception at 0x00000000036ae26d to 0x00000000036aecdd

Events (10 events):
Event: 10.733 Thread 0x0000000019671800 flushing nmethod 0x000000000377b290
Event: 10.733 Thread 0x0000000019671800 flushing nmethod 0x0000000003793cd0
Event: 10.733 Thread 0x0000000019671800 flushing nmethod 0x00000000037980d0
Event: 10.733 Thread 0x0000000019671800 flushing nmethod 0x000000000379b890
Event: 10.733 Thread 0x0000000019671800 flushing nmethod 0x00000000037a06d0
Event: 10.733 Thread 0x0000000019671800 flushing nmethod 0x00000000037a2f50
Event: 10.733 Thread 0x0000000019671800 flushing nmethod 0x00000000037c2490
Event: 10.733 Thread 0x0000000019671800 flushing nmethod 0x00000000037c2b10
Event: 10.733 Thread 0x0000000019671800 flushing nmethod 0x00000000037c3350
Event: 10.733 Thread 0x0000000019671800 flushing nmethod 0x00000000037c3b10


Dynamic libraries:
0x00007ff7a8b10000 - 0x00007ff7a8b47000 	C:\Program Files\Java\jdk1.8\jdk1.8.0_251\bin\java.exe
0x00007fff22300000 - 0x00007fff224ed000 	C:\Windows\SYSTEM32\ntdll.dll
0x00007fff21160000 - 0x00007fff21213000 	C:\Windows\System32\KERNEL32.DLL
0x00007fff1e3d0000 - 0x00007fff1e663000 	C:\Windows\System32\KERNELBASE.dll
0x00007fff20bb0000 - 0x00007fff20c53000 	C:\Windows\System32\ADVAPI32.DLL
0x00007fff21730000 - 0x00007fff217ce000 	C:\Windows\System32\msvcrt.dll
0x00007fff21350000 - 0x00007fff213ee000 	C:\Windows\System32\sechost.dll
0x00007fff213f0000 - 0x00007fff21512000 	C:\Windows\System32\RPCRT4.dll
0x00007fff21520000 - 0x00007fff216b7000 	C:\Windows\System32\USER32.dll
0x00007fff1e670000 - 0x00007fff1e690000 	C:\Windows\System32\win32u.dll
0x00007fff20a20000 - 0x00007fff20a49000 	C:\Windows\System32\GDI32.dll
0x00007fff1e870000 - 0x00007fff1ea0a000 	C:\Windows\System32\gdi32full.dll
0x00007fff1f210000 - 0x00007fff1f2b0000 	C:\Windows\System32\msvcp_win.dll
0x00007fff1f360000 - 0x00007fff1f45c000 	C:\Windows\System32\ucrtbase.dll
0x00007fff14d10000 - 0x00007fff14f89000 	C:\Windows\WinSxS\amd64_microsoft.windows.common-controls_6595b64144ccf1df_6.0.17763.194_none_05b3366207211c42\COMCTL32.dll
0x00007fff21fa0000 - 0x00007fff222cd000 	C:\Windows\System32\combase.dll
0x00007fff1f460000 - 0x00007fff1f4de000 	C:\Windows\System32\bcryptPrimitives.dll
0x00007fff20ed0000 - 0x00007fff20efe000 	C:\Windows\System32\IMM32.DLL
0x000000005f960000 - 0x000000005fa32000 	C:\Program Files\Java\jdk1.8\jdk1.8.0_251\jre\bin\msvcr100.dll
0x000000005f0b0000 - 0x000000005f95b000 	C:\Program Files\Java\jdk1.8\jdk1.8.0_251\jre\bin\server\jvm.dll
0x00007fff21150000 - 0x00007fff21158000 	C:\Windows\System32\PSAPI.DLL
0x00007fff1b580000 - 0x00007fff1b5a4000 	C:\Windows\SYSTEM32\WINMM.dll
0x00007fff1ced0000 - 0x00007fff1ced9000 	C:\Windows\SYSTEM32\WSOCK32.dll
0x00007fff216c0000 - 0x00007fff2172d000 	C:\Windows\System32\WS2_32.dll
0x00007fff18f50000 - 0x00007fff18f5a000 	C:\Windows\SYSTEM32\VERSION.dll
0x00007fff1b520000 - 0x00007fff1b54d000 	C:\Windows\SYSTEM32\WINMMBASE.dll
0x00007fff1f4e0000 - 0x00007fff1f52a000 	C:\Windows\System32\cfgmgr32.dll
0x00007fff1b710000 - 0x00007fff1b71f000 	C:\Program Files\Java\jdk1.8\jdk1.8.0_251\jre\bin\verify.dll
0x00007fff1b6e0000 - 0x00007fff1b709000 	C:\Program Files\Java\jdk1.8\jdk1.8.0_251\jre\bin\java.dll
0x00007fff1b620000 - 0x00007fff1b636000 	C:\Program Files\Java\jdk1.8\jdk1.8.0_251\jre\bin\zip.dll
0x00007fff1f530000 - 0x00007fff20a1f000 	C:\Windows\System32\SHELL32.dll
0x00007fff20e20000 - 0x00007fff20ec8000 	C:\Windows\System32\shcore.dll
0x00007fff1ea30000 - 0x00007fff1f17a000 	C:\Windows\System32\windows.storage.dll
0x00007fff1e360000 - 0x00007fff1e384000 	C:\Windows\System32\profapi.dll
0x00007fff1e300000 - 0x00007fff1e35d000 	C:\Windows\System32\powrprof.dll
0x00007fff21a60000 - 0x00007fff21ab2000 	C:\Windows\System32\shlwapi.dll
0x00007fff1e390000 - 0x00007fff1e3a1000 	C:\Windows\System32\kernel.appcore.dll
0x00007fff1ea10000 - 0x00007fff1ea27000 	C:\Windows\System32\cryptsp.dll
0x00007fff1d750000 - 0x00007fff1d783000 	C:\Windows\system32\rsaenh.dll
0x00007fff1f180000 - 0x00007fff1f1a6000 	C:\Windows\System32\bcrypt.dll
0x00007fff1e230000 - 0x00007fff1e258000 	C:\Windows\SYSTEM32\USERENV.dll
0x00007fff1dd60000 - 0x00007fff1dd6c000 	C:\Windows\SYSTEM32\CRYPTBASE.dll
0x00007fff1b5e0000 - 0x00007fff1b5fa000 	C:\Program Files\Java\jdk1.8\jdk1.8.0_251\jre\bin\net.dll
0x00007fff1db90000 - 0x00007fff1dbf7000 	C:\Windows\system32\mswsock.dll
0x00007fff1d8f0000 - 0x00007fff1d92d000 	C:\Windows\SYSTEM32\IPHLPAPI.DLL
0x00007fff20db0000 - 0x00007fff20db8000 	C:\Windows\System32\NSI.dll
0x00007fff18060000 - 0x00007fff18076000 	C:\Windows\SYSTEM32\dhcpcsvc6.DLL
0x00007fff17f80000 - 0x00007fff17f9c000 	C:\Windows\SYSTEM32\dhcpcsvc.DLL
0x00007fff1d930000 - 0x00007fff1d9f6000 	C:\Windows\SYSTEM32\DNSAPI.dll
0x00007fff186a0000 - 0x00007fff186b2000 	C:\Program Files\Java\jdk1.8\jdk1.8.0_251\jre\bin\nio.dll
0x00007fff1b610000 - 0x00007fff1b61a000 	C:\Users\Administrator\AppData\Local\Temp\jansi-1.17.1-6455653694294086725.dll
0x00007fff1b600000 - 0x00007fff1b60a000 	C:\Users\Administrator\AppData\Local\Temp\jansi-1.17.1-6155540910918374215.dll
0x00007fff193f0000 - 0x00007fff193fd000 	C:\Program Files\Java\jdk1.8\jdk1.8.0_251\jre\bin\management.dll
0x00007fff06830000 - 0x00007fff06846000 	C:\Windows\system32\napinsp.dll
0x00007fff06730000 - 0x00007fff0674a000 	C:\Windows\system32\pnrpnsp.dll
0x00007fff065a0000 - 0x00007fff065ae000 	C:\Windows\System32\winrnr.dll
0x00007fff1b560000 - 0x00007fff1b57b000 	C:\Windows\system32\NLAapi.dll
0x00007fff06580000 - 0x00007fff06595000 	C:\Windows\system32\wshbth.dll
0x00007fff16d60000 - 0x00007fff16d6a000 	C:\Windows\System32\rasadhlp.dll
0x00007fff14c00000 - 0x00007fff14c79000 	C:\Windows\System32\fwpuclnt.dll

VM Arguments:
jvm_args: -Dmaven.multiModuleProjectDirectory=I:\旅游自助平台\lvzz -Dmaven.home=G:\IDEA\IntelliJ IDEA 2020.1.1\plugins\maven\lib\maven3 -Dclassworlds.conf=G:\IDEA\IntelliJ IDEA 2020.1.1\plugins\maven\lib\maven3\bin\m2.conf -Dmaven.ext.class.path=G:\IDEA\IntelliJ IDEA 2020.1.1\plugins\maven\lib\maven-event-listener.jar -Dfile.encoding=UTF-8 
java_command: org.codehaus.classworlds.Launcher -Didea.version2020.1.1 install
java_class_path (initial): G:\IDEA\IntelliJ IDEA 2020.1.1\plugins\maven\lib\maven3\boot\plexus-classworlds-2.6.0.jar;G:\IDEA\IntelliJ IDEA 2020.1.1\plugins\maven\lib\maven3\boot\plexus-classworlds.license
Launcher Type: SUN_STANDARD

Environment Variables:
JAVA_HOME=C:\Program Files\Java\jdk1.8\jdk1.8.0_251
CLASSPATH=.;C:\Program Files\Java\jdk1.8\jdk1.8.0_251\lib\dt.jar;C:\Program Files\Java\jdk1.8\jdk1.8.0_251\lib\tools.jar
PATH="C:\Program Files\Java\jdk1.8\jdk1.8.0_251\bin;";G:\Xftp 6\;C:\Program Files (x86)\Common Files\Oracle\Java\javapath;C:\Windows\System32;"C:\Windows\system32;";C:\Users\Administrator\AppData\Roaming\npm;E:\node.js\npm_global;G:\Git\cmd;G:\node.js;G:\MATLAB 2019a\runtime\win64;G:\MATLAB 2019a\bin;G:\MATLAB 2019a\polyspace\bin;G:\erl-23.2\bin;G:\RibbitMQ\rabbitmq_server-3.8.10\sbin;G:\MinGW\bin;C:\Program Files\Java\jdk1.8\jdk1.8.0_251\bin;C:\Program Files\Java\jdk1.8\jdk1.8.0_251\jre\bin;F:\Anaconda3.5;F:\Anaconda3.5\Library\mingw-w64\bin;F:\Anaconda3.5\Library\usr\bin;F:\Anaconda3.5\Library\bin;F:\Anaconda3.5\Scripts;C:\Users\Administrator\AppData\Local\Programs\Python\Python38\Scripts\;C:\Users\Administrator\AppData\Local\Programs\Python\Python38\;C:\Users\Administrator\AppData\Local\Microsoft\WindowsApps;H:\pycharm\PyCharm Community Edition 2020.1\bin;;G:\新建文件夹\IntelliJ IDEA Community Edition 2020.1\bin;;H:\搜狗高速下载\apache-maven-3.6.3-bin\apache-maven-3.6.3\bin;G:\Microsoft VS Code\bin;F:\E盘\mysql\mysql-8.0.21-winx64\bin;C:\Users\Administrator\AppData\Roaming\npm;E:\node.js\npm_global;G:\node.js;;H:\pycharm\PyCharm 2020.1.1\bin;;C:\Program Files\Bandizip\
USERNAME=Administrator
OS=Windows_NT
PROCESSOR_IDENTIFIER=Intel64 Family 6 Model 142 Stepping 10, GenuineIntel



---------------  S Y S T E M  ---------------

OS: Windows 10.0 , 64 bit Build 17763 (10.0.17763.1)

CPU:total 8 (initial active 8) (4 cores per cpu, 2 threads per core) family 6 model 142 stepping 10, cmov, cx8, fxsr, mmx, sse, sse2, sse3, ssse3, sse4.1, sse4.2, popcnt, avx, avx2, aes, clmul, erms, 3dnowpref, lzcnt, ht, tsc, tscinvbit, bmi1, bmi2, adx

Memory: 4k page, physical 8283464k(636972k free), swap 18769348k(80k free)

vm_info: Java HotSpot(TM) 64-Bit Server VM (25.251-b08) for windows-amd64 JRE (1.8.0_251-b08), built on Mar 12 2020 06:31:49 by "" with MS VC++ 10.0 (VS2010)

time: Fri Jan 21 21:53:40 2022
timezone: 中国标准时间
elapsed time: 10 seconds (0d 0h 0m 10s)

