#
# There is insufficient memory for the Java Runtime Environment to continue.
# Native memory allocation (malloc) failed to allocate 994256 bytes for Chunk::new
# Possible reasons:
#   The system is out of physical RAM or swap space
#   The process is running with CompressedOops enabled, and the Java Heap may be blocking the growth of the native heap
# Possible solutions:
#   Reduce memory load on the system
#   Increase physical memory or swap space
#   Check if swap backing store is full
#   Decrease Java heap size (-Xmx/-Xms)
#   Decrease number of Java threads
#   Decrease Java thread stack sizes (-Xss)
#   Set larger code cache with -XX:ReservedCodeCacheSize=
#   JVM is running with Unscaled Compressed Oops mode in which the Java heap is
#     placed in the first 4GB address space. The Java Heap base address is the
#     maximum limit for the native heap growth. Please use -XX:HeapBaseMinAddress
#     to set the Java Heap base and to place the Java Heap above 4GB virtual address.
# This output file may be truncated or incomplete.
#
#  Out of Memory Error (allocation.cpp:389), pid=13496, tid=0x0000000000004570
#
# JRE version: Java(TM) SE Runtime Environment (8.0_251-b08) (build 1.8.0_251-b08)
# Java VM: Java HotSpot(TM) 64-Bit Server VM (25.251-b08 mixed mode windows-amd64 compressed oops)
# Failed to write core dump. Minidumps are not enabled by default on client versions of Windows
#

---------------  T H R E A D  ---------------

Current thread (0x000000001a637000):  JavaThread "C2 CompilerThread2" daemon [_thread_in_native, id=17776, stack(0x000000001afa0000,0x000000001b0a0000)]

Stack: [0x000000001afa0000,0x000000001b0a0000]
[error occurred during error reporting (printing stack bounds), id 0xc0000005]

Native frames: (J=compiled Java code, j=interpreted, Vv=VM code, C=native code)


Current CompileTask:
C2:   2986 3330       4       org.springframework.boot.context.properties.source.ConfigurationPropertyName$ElementsParser::parse (234 bytes)


---------------  P R O C E S S  ---------------

Java Threads: ( => current thread )
  0x000000001d92b000 JavaThread "mysql-cj-abandoned-connection-cleanup" daemon [_thread_blocked, id=10828, stack(0x0000000020410000,0x0000000020510000)]
  0x000000001c69f800 JavaThread "logback-2" daemon [_thread_blocked, id=1140, stack(0x000000001e840000,0x000000001e940000)]
  0x000000001a89d800 JavaThread "surefire-forkedjvm-ping-30s" daemon [_thread_blocked, id=11492, stack(0x000000001b4a0000,0x000000001b5a0000)]
  0x000000001a7aa800 JavaThread "surefire-forkedjvm-command-thread" daemon [_thread_in_native, id=12080, stack(0x000000001b3a0000,0x000000001b4a0000)]
  0x000000001a6c8800 JavaThread "Service Thread" daemon [_thread_blocked, id=16496, stack(0x000000001b1a0000,0x000000001b2a0000)]
  0x000000001a63c800 JavaThread "C1 CompilerThread3" daemon [_thread_blocked, id=8140, stack(0x000000001b0a0000,0x000000001b1a0000)]
=>0x000000001a637000 JavaThread "C2 CompilerThread2" daemon [_thread_in_native, id=17776, stack(0x000000001afa0000,0x000000001b0a0000)]
  0x000000001a636000 JavaThread "C2 CompilerThread1" daemon [_thread_in_native, id=17840, stack(0x000000001aea0000,0x000000001afa0000)]
  0x000000001a5d7000 JavaThread "C2 CompilerThread0" daemon [_thread_in_native, id=9532, stack(0x000000001ada0000,0x000000001aea0000)]
  0x000000001a5d5000 JavaThread "Attach Listener" daemon [_thread_blocked, id=12584, stack(0x000000001aca0000,0x000000001ada0000)]
  0x000000001a633000 JavaThread "Signal Dispatcher" daemon [_thread_blocked, id=17604, stack(0x000000001aba0000,0x000000001aca0000)]
  0x000000001a5c0800 JavaThread "Finalizer" daemon [_thread_blocked, id=15232, stack(0x000000001aaa0000,0x000000001aba0000)]
  0x0000000003809000 JavaThread "Reference Handler" daemon [_thread_blocked, id=11500, stack(0x000000001a9a0000,0x000000001aaa0000)]
  0x0000000003712800 JavaThread "main" [_thread_in_native, id=14372, stack(0x0000000003610000,0x0000000003710000)]

Other Threads:
  0x00000000187a7800 VMThread [stack: 0x000000001a4a0000,0x000000001a5a0000] [id=9104]
  0x000000001a6e3000 WatcherThread [stack: 0x000000001b2a0000,0x000000001b3a0000] [id=15504]

VM state:not at safepoint (normal execution)

VM Mutex/Monitor currently owned by a thread: None

heap address: 0x0000000081800000, size: 2024 MB, Compressed Oops mode: 32-bit
Narrow klass base: 0x0000000000000000, Narrow klass shift: 3
Compressed class space size: 1073741824 Address: 0x0000000100000000

Heap:
 PSYoungGen      total 145408K, used 51010K [0x00000000d5d80000, 0x00000000df880000, 0x0000000100000000)
  eden space 133120K, 38% used [0x00000000d5d80000,0x00000000d8f50990,0x00000000ddf80000)
  from space 12288K, 0% used [0x00000000dec80000,0x00000000dec80000,0x00000000df880000)
  to   space 5120K, 0% used [0x00000000ddf80000,0x00000000ddf80000,0x00000000de480000)
 ParOldGen       total 104960K, used 12651K [0x0000000081800000, 0x0000000087e80000, 0x00000000d5d80000)
  object space 104960K, 12% used [0x0000000081800000,0x000000008245ac20,0x0000000087e80000)
 Metaspace       used 35508K, capacity 37828K, committed 38144K, reserved 1083392K
  class space    used 4585K, capacity 5014K, committed 5120K, reserved 1048576K

Card table byte_map: [0x0000000012bd0000,0x0000000012fd0000] byte_map_base: 0x00000000127c4000

Marking Bits: (ParMarkBitMap*) 0x000000005f8daf90
 Begin Bits: [0x0000000013a80000, 0x0000000015a20000)
 End Bits:   [0x0000000015a20000, 0x00000000179c0000)

Polling page: 0x0000000000ff0000

CodeCache: size=245760Kb used=11887Kb max_used=11901Kb free=233872Kb
 bounds [0x0000000003810000, 0x00000000043c0000, 0x0000000012810000]
 total_blobs=3829 nmethods=3422 adapters=319
 compilation: enabled

Compilation events (10 events):
Event: 2.957 Thread 0x000000001a63c800 3426       3       java.nio.Buffer::remaining (10 bytes)
Event: 2.957 Thread 0x000000001a63c800 nmethod 3426 0x00000000043aee50 code [0x00000000043aefa0, 0x00000000043af0f0]
Event: 2.959 Thread 0x000000001a63c800 3427       3       java.util.Arrays::equals (54 bytes)
Event: 2.959 Thread 0x000000001a63c800 nmethod 3427 0x00000000043af150 code [0x00000000043af2c0, 0x00000000043af630]
Event: 2.960 Thread 0x000000001a63c800 3428       3       java.util.Optional::ofNullable (15 bytes)
Event: 2.960 Thread 0x000000001a63c800 nmethod 3428 0x00000000043af750 code [0x00000000043af900, 0x00000000043afdc8]
Event: 2.972 Thread 0x000000001a5d7000 nmethod 3403 0x00000000043b3b90 code [0x00000000043b3d60, 0x00000000043b4c78]
Event: 2.972 Thread 0x000000001a5d7000 3354       4       java.util.ArrayDeque::peek (5 bytes)
Event: 2.972 Thread 0x000000001a5d7000 nmethod 3354 0x000000000432e5d0 code [0x000000000432e700, 0x000000000432e798]
Event: 2.972 Thread 0x000000001a5d7000 3400       4       org.springframework.boot.context.properties.source.SpringConfigurationPropertySources$SourcesIterator::fetchNext (138 bytes)

GC Heap History (10 events):
Event: 1.353 GC heap before
{Heap before GC invocations=4 (full 1):
 PSYoungGen      total 71680K, used 5112K [0x00000000d5d80000, 0x00000000de980000, 0x0000000100000000)
  eden space 66560K, 0% used [0x00000000d5d80000,0x00000000d5d80000,0x00000000d9e80000)
  from space 5120K, 99% used [0x00000000d9e80000,0x00000000da37e038,0x00000000da380000)
  to   space 5120K, 0% used [0x00000000de480000,0x00000000de480000,0x00000000de980000)
 ParOldGen       total 87552K, used 5401K [0x0000000081800000, 0x0000000086d80000, 0x00000000d5d80000)
  object space 87552K, 6% used [0x0000000081800000,0x0000000081d46708,0x0000000086d80000)
 Metaspace       used 19700K, capacity 21196K, committed 21296K, reserved 1067008K
  class space    used 2591K, capacity 2890K, committed 2944K, reserved 1048576K
Event: 1.383 GC heap after
Heap after GC invocations=4 (full 1):
 PSYoungGen      total 71680K, used 0K [0x00000000d5d80000, 0x00000000de980000, 0x0000000100000000)
  eden space 66560K, 0% used [0x00000000d5d80000,0x00000000d5d80000,0x00000000d9e80000)
  from space 5120K, 0% used [0x00000000d9e80000,0x00000000d9e80000,0x00000000da380000)
  to   space 5120K, 0% used [0x00000000de480000,0x00000000de480000,0x00000000de980000)
 ParOldGen       total 68608K, used 9823K [0x0000000081800000, 0x0000000085b00000, 0x00000000d5d80000)
  object space 68608K, 14% used [0x0000000081800000,0x0000000082197f10,0x0000000085b00000)
 Metaspace       used 19700K, capacity 21196K, committed 21296K, reserved 1067008K
  class space    used 2591K, capacity 2890K, committed 2944K, reserved 1048576K
}
Event: 1.704 GC heap before
{Heap before GC invocations=5 (full 1):
 PSYoungGen      total 71680K, used 66560K [0x00000000d5d80000, 0x00000000de980000, 0x0000000100000000)
  eden space 66560K, 100% used [0x00000000d5d80000,0x00000000d9e80000,0x00000000d9e80000)
  from space 5120K, 0% used [0x00000000d9e80000,0x00000000d9e80000,0x00000000da380000)
  to   space 5120K, 0% used [0x00000000de480000,0x00000000de480000,0x00000000de980000)
 ParOldGen       total 68608K, used 9823K [0x0000000081800000, 0x0000000085b00000, 0x00000000d5d80000)
  object space 68608K, 14% used [0x0000000081800000,0x0000000082197f10,0x0000000085b00000)
 Metaspace       used 26756K, capacity 28490K, committed 28672K, reserved 1075200K
  class space    used 3458K, capacity 3787K, committed 3840K, reserved 1048576K
Event: 1.711 GC heap after
Heap after GC invocations=5 (full 1):
 PSYoungGen      total 100352K, used 5100K [0x00000000d5d80000, 0x00000000de980000, 0x0000000100000000)
  eden space 95232K, 0% used [0x00000000d5d80000,0x00000000d5d80000,0x00000000dba80000)
  from space 5120K, 99% used [0x00000000de480000,0x00000000de97b200,0x00000000de980000)
  to   space 5120K, 0% used [0x00000000ddf80000,0x00000000ddf80000,0x00000000de480000)
 ParOldGen       total 68608K, used 13307K [0x0000000081800000, 0x0000000085b00000, 0x00000000d5d80000)
  object space 68608K, 19% used [0x0000000081800000,0x00000000824fef50,0x0000000085b00000)
 Metaspace       used 26756K, capacity 28490K, committed 28672K, reserved 1075200K
  class space    used 3458K, capacity 3787K, committed 3840K, reserved 1048576K
}
Event: 2.437 GC heap before
{Heap before GC invocations=6 (full 1):
 PSYoungGen      total 100352K, used 100332K [0x00000000d5d80000, 0x00000000de980000, 0x0000000100000000)
  eden space 95232K, 100% used [0x00000000d5d80000,0x00000000dba80000,0x00000000dba80000)
  from space 5120K, 99% used [0x00000000de480000,0x00000000de97b200,0x00000000de980000)
  to   space 5120K, 0% used [0x00000000ddf80000,0x00000000ddf80000,0x00000000de480000)
 ParOldGen       total 68608K, used 13307K [0x0000000081800000, 0x0000000085b00000, 0x00000000d5d80000)
  object space 68608K, 19% used [0x0000000081800000,0x00000000824fef50,0x0000000085b00000)
 Metaspace       used 31497K, capacity 33498K, committed 33664K, reserved 1079296K
  class space    used 4021K, capacity 4405K, committed 4480K, reserved 1048576K
Event: 2.445 GC heap after
Heap after GC invocations=6 (full 1):
 PSYoungGen      total 138240K, used 5095K [0x00000000d5d80000, 0x00000000df880000, 0x0000000100000000)
  eden space 133120K, 0% used [0x00000000d5d80000,0x00000000d5d80000,0x00000000ddf80000)
  from space 5120K, 99% used [0x00000000ddf80000,0x00000000de479ff8,0x00000000de480000)
  to   space 12288K, 0% used [0x00000000dec80000,0x00000000dec80000,0x00000000df880000)
 ParOldGen       total 68608K, used 18140K [0x0000000081800000, 0x0000000085b00000, 0x00000000d5d80000)
  object space 68608K, 26% used [0x0000000081800000,0x00000000829b7120,0x0000000085b00000)
 Metaspace       used 31497K, capacity 33498K, committed 33664K, reserved 1079296K
  class space    used 4021K, capacity 4405K, committed 4480K, reserved 1048576K
}
Event: 2.615 GC heap before
{Heap before GC invocations=7 (full 1):
 PSYoungGen      total 138240K, used 32556K [0x00000000d5d80000, 0x00000000df880000, 0x0000000100000000)
  eden space 133120K, 20% used [0x00000000d5d80000,0x00000000d7851188,0x00000000ddf80000)
  from space 5120K, 99% used [0x00000000ddf80000,0x00000000de479ff8,0x00000000de480000)
  to   space 12288K, 0% used [0x00000000dec80000,0x00000000dec80000,0x00000000df880000)
 ParOldGen       total 68608K, used 18140K [0x0000000081800000, 0x0000000085b00000, 0x00000000d5d80000)
  object space 68608K, 26% used [0x0000000081800000,0x00000000829b7120,0x0000000085b00000)
 Metaspace       used 33244K, capacity 35386K, committed 35456K, reserved 1079296K
  class space    used 4262K, capacity 4667K, committed 4736K, reserved 1048576K
Event: 2.620 GC heap after
Heap after GC invocations=7 (full 1):
 PSYoungGen      total 145408K, used 7456K [0x00000000d5d80000, 0x00000000df880000, 0x0000000100000000)
  eden space 133120K, 0% used [0x00000000d5d80000,0x00000000d5d80000,0x00000000ddf80000)
  from space 12288K, 60% used [0x00000000dec80000,0x00000000df3c8040,0x00000000df880000)
  to   space 5120K, 0% used [0x00000000ddf80000,0x00000000ddf80000,0x00000000de480000)
 ParOldGen       total 68608K, used 18148K [0x0000000081800000, 0x0000000085b00000, 0x00000000d5d80000)
  object space 68608K, 26% used [0x0000000081800000,0x00000000829b9120,0x0000000085b00000)
 Metaspace       used 33244K, capacity 35386K, committed 35456K, reserved 1079296K
  class space    used 4262K, capacity 4667K, committed 4736K, reserved 1048576K
}
Event: 2.620 GC heap before
{Heap before GC invocations=8 (full 2):
 PSYoungGen      total 145408K, used 7456K [0x00000000d5d80000, 0x00000000df880000, 0x0000000100000000)
  eden space 133120K, 0% used [0x00000000d5d80000,0x00000000d5d80000,0x00000000ddf80000)
  from space 12288K, 60% used [0x00000000dec80000,0x00000000df3c8040,0x00000000df880000)
  to   space 5120K, 0% used [0x00000000ddf80000,0x00000000ddf80000,0x00000000de480000)
 ParOldGen       total 68608K, used 18148K [0x0000000081800000, 0x0000000085b00000, 0x00000000d5d80000)
  object space 68608K, 26% used [0x0000000081800000,0x00000000829b9120,0x0000000085b00000)
 Metaspace       used 33244K, capacity 35386K, committed 35456K, reserved 1079296K
  class space    used 4262K, capacity 4667K, committed 4736K, reserved 1048576K
Event: 2.660 GC heap after
Heap after GC invocations=8 (full 2):
 PSYoungGen      total 145408K, used 0K [0x00000000d5d80000, 0x00000000df880000, 0x0000000100000000)
  eden space 133120K, 0% used [0x00000000d5d80000,0x00000000d5d80000,0x00000000ddf80000)
  from space 12288K, 0% used [0x00000000dec80000,0x00000000dec80000,0x00000000df880000)
  to   space 5120K, 0% used [0x00000000ddf80000,0x00000000ddf80000,0x00000000de480000)
 ParOldGen       total 104960K, used 12651K [0x0000000081800000, 0x0000000087e80000, 0x00000000d5d80000)
  object space 104960K, 12% used [0x0000000081800000,0x000000008245ac20,0x0000000087e80000)
 Metaspace       used 33244K, capacity 35386K, committed 35456K, reserved 1079296K
  class space    used 4262K, capacity 4667K, committed 4736K, reserved 1048576K
}

Deoptimization events (10 events):
Event: 2.735 Thread 0x0000000003712800 Uncommon trap: reason=class_check action=maybe_recompile pc=0x0000000003e6fc80 method=java.lang.reflect.Method.equals(Ljava/lang/Object;)Z @ 5
Event: 2.754 Thread 0x0000000003712800 Uncommon trap: reason=class_check action=maybe_recompile pc=0x00000000042a1a54 method=org.springframework.beans.factory.support.AbstractBeanFactory.getBeanPostProcessorCache()Lorg/springframework/beans/factory/support/AbstractBeanFactory$BeanPostProcessor
Event: 2.781 Thread 0x0000000003712800 Uncommon trap: reason=class_check action=maybe_recompile pc=0x0000000003ebafb8 method=java.util.concurrent.ConcurrentHashMap.putVal(Ljava/lang/Object;Ljava/lang/Object;Z)Ljava/lang/Object; @ 192
Event: 2.781 Thread 0x0000000003712800 Uncommon trap: reason=unstable_if action=reinterpret pc=0x0000000003cf6314 method=java.util.concurrent.ConcurrentHashMap.get(Ljava/lang/Object;)Ljava/lang/Object; @ 76
Event: 2.923 Thread 0x000000001d92b000 Uncommon trap: reason=unstable_if action=reinterpret pc=0x0000000003a666a4 method=java.util.zip.ZipCoder.getBytes(Ljava/lang/String;)[B @ 32
Event: 2.923 Thread 0x000000001d92b000 Uncommon trap: reason=unstable_if action=reinterpret pc=0x0000000003a7c744 method=java.util.zip.ZipCoder.getBytes(Ljava/lang/String;)[B @ 32
Event: 2.923 Thread 0x000000001d92b000 Uncommon trap: reason=unstable_if action=reinterpret pc=0x0000000003a6e788 method=java.util.zip.ZipCoder.getBytes(Ljava/lang/String;)[B @ 32
Event: 2.923 Thread 0x000000001d92b000 Uncommon trap: reason=unstable_if action=reinterpret pc=0x0000000003f0be34 method=java.net.URL.<init>(Ljava/net/URL;Ljava/lang/String;Ljava/net/URLStreamHandler;)V @ 57
Event: 2.923 Thread 0x000000001d92b000 Uncommon trap: reason=unstable_if action=reinterpret pc=0x0000000003fa5c80 method=java.net.URLStreamHandler.parseURL(Ljava/net/URL;Ljava/lang/String;II)V @ 57
Event: 2.923 Thread 0x000000001d92b000 Uncommon trap: reason=unstable_if action=reinterpret pc=0x0000000003eaf284 method=java.io.WinNTFileSystem.resolve(Ljava/lang/String;Ljava/lang/String;)Ljava/lang/String; @ 19

Classes redefined (0 events):
No events

Internal exceptions (10 events):
Event: 2.930 Thread 0x0000000003712800 Exception <a 'java/lang/ClassNotFoundException': javax/sql/DataSourceCustomizer> (0x00000000d877a1e0) thrown at [C:\jenkins\workspace\8-2-build-windows-amd64-cygwin\jdk8u251\737\hotspot\src\share\vm\classfile\systemDictionary.cpp, line 210]
Event: 2.930 Thread 0x0000000003712800 Exception <a 'java/lang/ClassNotFoundException': javax/sql/CommonDataSourceCustomizer> (0x00000000d878a7e8) thrown at [C:\jenkins\workspace\8-2-build-windows-amd64-cygwin\jdk8u251\737\hotspot\src\share\vm\classfile\systemDictionary.cpp, line 210]
Event: 2.931 Thread 0x0000000003712800 Exception <a 'java/lang/ClassNotFoundException': java/sql/WrapperCustomizer> (0x00000000d879cbb0) thrown at [C:\jenkins\workspace\8-2-build-windows-amd64-cygwin\jdk8u251\737\hotspot\src\share\vm\classfile\systemDictionary.cpp, line 210]
Event: 2.931 Thread 0x0000000003712800 Exception <a 'java/lang/ClassNotFoundException': com/zaxxer/hikari/HikariConfigMXBeanCustomizer> (0x00000000d87bf240) thrown at [C:\jenkins\workspace\8-2-build-windows-amd64-cygwin\jdk8u251\737\hotspot\src\share\vm\classfile\systemDictionary.cpp, line 210
Event: 2.947 Thread 0x0000000003712800 Exception <a 'java/lang/ClassNotFoundException': java/lang/ObjectCustomizer> (0x00000000d8bc6850) thrown at [C:\jenkins\workspace\8-2-build-windows-amd64-cygwin\jdk8u251\737\hotspot\src\share\vm\classfile\systemDictionary.cpp, line 210]
Event: 2.948 Thread 0x0000000003712800 Exception <a 'java/lang/ClassNotFoundException': org/mybatis/spring/SqlSessionFactoryBeanCustomizer> (0x00000000d8bea970) thrown at [C:\jenkins\workspace\8-2-build-windows-amd64-cygwin\jdk8u251\737\hotspot\src\share\vm\classfile\systemDictionary.cpp, line
Event: 2.950 Thread 0x0000000003712800 Exception <a 'java/lang/ClassNotFoundException': org/springframework/beans/factory/FactoryBeanCustomizer> (0x00000000d8c56138) thrown at [C:\jenkins\workspace\8-2-build-windows-amd64-cygwin\jdk8u251\737\hotspot\src\share\vm\classfile\systemDictionary.cpp,
Event: 2.950 Thread 0x0000000003712800 Exception <a 'java/lang/ClassNotFoundException': org/springframework/beans/factory/InitializingBeanCustomizer> (0x00000000d8c7ef60) thrown at [C:\jenkins\workspace\8-2-build-windows-amd64-cygwin\jdk8u251\737\hotspot\src\share\vm\classfile\systemDictionary
Event: 2.950 Thread 0x0000000003712800 Exception <a 'java/lang/ClassNotFoundException': org/springframework/context/ApplicationListenerCustomizer> (0x00000000d8ca3838) thrown at [C:\jenkins\workspace\8-2-build-windows-amd64-cygwin\jdk8u251\737\hotspot\src\share\vm\classfile\systemDictionary.cp
Event: 2.951 Thread 0x0000000003712800 Exception <a 'java/lang/ClassNotFoundException': java/util/EventListenerCustomizer> (0x00000000d8cb65f0) thrown at [C:\jenkins\workspace\8-2-build-windows-amd64-cygwin\jdk8u251\737\hotspot\src\share\vm\classfile\systemDictionary.cpp, line 210]

Events (10 events):
Event: 2.966 loading class javax/xml/parsers/DocumentBuilder done
Event: 2.966 loading class com/sun/org/apache/xerces/internal/jaxp/DocumentBuilderImpl done
Event: 2.966 loading class com/sun/org/apache/xerces/internal/parsers/DOMParser
Event: 2.966 loading class com/sun/org/apache/xerces/internal/parsers/AbstractDOMParser
Event: 2.967 loading class com/sun/org/apache/xerces/internal/parsers/AbstractDOMParser done
Event: 2.967 loading class com/sun/org/apache/xerces/internal/parsers/DOMParser done
Event: 2.968 loading class com/sun/org/apache/xerces/internal/jaxp/DefaultValidationErrorHandler
Event: 2.968 loading class com/sun/org/apache/xerces/internal/jaxp/DefaultValidationErrorHandler done
Event: 2.968 loading class org/apache/ibatis/parsing/XPathParser$1
Event: 2.968 loading class org/apache/ibatis/parsing/XPathParser$1 done


Dynamic libraries:
0x00007ff74d2c0000 - 0x00007ff74d2f7000 	C:\Program Files\Java\jdk1.8\jdk1.8.0_251\jre\bin\java.exe
0x00007fff22300000 - 0x00007fff224ed000 	C:\Windows\SYSTEM32\ntdll.dll
0x00007fff21160000 - 0x00007fff21213000 	C:\Windows\System32\KERNEL32.DLL
0x00007fff1e3d0000 - 0x00007fff1e663000 	C:\Windows\System32\KERNELBASE.dll
0x00007fff20bb0000 - 0x00007fff20c53000 	C:\Windows\System32\ADVAPI32.DLL
0x00007fff21730000 - 0x00007fff217ce000 	C:\Windows\System32\msvcrt.dll
0x00007fff21350000 - 0x00007fff213ee000 	C:\Windows\System32\sechost.dll
0x00007fff213f0000 - 0x00007fff21512000 	C:\Windows\System32\RPCRT4.dll
0x00007fff21520000 - 0x00007fff216b7000 	C:\Windows\System32\USER32.dll
0x00007fff1e670000 - 0x00007fff1e690000 	C:\Windows\System32\win32u.dll
0x00007fff20a20000 - 0x00007fff20a49000 	C:\Windows\System32\GDI32.dll
0x00007fff1e870000 - 0x00007fff1ea0a000 	C:\Windows\System32\gdi32full.dll
0x00007fff1f210000 - 0x00007fff1f2b0000 	C:\Windows\System32\msvcp_win.dll
0x00007fff1f360000 - 0x00007fff1f45c000 	C:\Windows\System32\ucrtbase.dll
0x00007fff14d10000 - 0x00007fff14f89000 	C:\Windows\WinSxS\amd64_microsoft.windows.common-controls_6595b64144ccf1df_6.0.17763.194_none_05b3366207211c42\COMCTL32.dll
0x00007fff21fa0000 - 0x00007fff222cd000 	C:\Windows\System32\combase.dll
0x00007fff1f460000 - 0x00007fff1f4de000 	C:\Windows\System32\bcryptPrimitives.dll
0x00007fff20ed0000 - 0x00007fff20efe000 	C:\Windows\System32\IMM32.DLL
0x000000005f960000 - 0x000000005fa32000 	C:\Program Files\Java\jdk1.8\jdk1.8.0_251\jre\bin\msvcr100.dll
0x000000005f0b0000 - 0x000000005f95b000 	C:\Program Files\Java\jdk1.8\jdk1.8.0_251\jre\bin\server\jvm.dll
0x00007fff21150000 - 0x00007fff21158000 	C:\Windows\System32\PSAPI.DLL
0x00007fff18f50000 - 0x00007fff18f5a000 	C:\Windows\SYSTEM32\VERSION.dll
0x00007fff1ced0000 - 0x00007fff1ced9000 	C:\Windows\SYSTEM32\WSOCK32.dll
0x00007fff216c0000 - 0x00007fff2172d000 	C:\Windows\System32\WS2_32.dll
0x00007fff1b580000 - 0x00007fff1b5a4000 	C:\Windows\SYSTEM32\WINMM.dll
0x00007fff1b520000 - 0x00007fff1b54d000 	C:\Windows\SYSTEM32\winmmbase.dll
0x00007fff1f4e0000 - 0x00007fff1f52a000 	C:\Windows\System32\cfgmgr32.dll
0x00007fff1b710000 - 0x00007fff1b71f000 	C:\Program Files\Java\jdk1.8\jdk1.8.0_251\jre\bin\verify.dll
0x00007fff1b6e0000 - 0x00007fff1b709000 	C:\Program Files\Java\jdk1.8\jdk1.8.0_251\jre\bin\java.dll
0x00007fff1b620000 - 0x00007fff1b636000 	C:\Program Files\Java\jdk1.8\jdk1.8.0_251\jre\bin\zip.dll
0x00007fff1f530000 - 0x00007fff20a1f000 	C:\Windows\System32\SHELL32.dll
0x00007fff20e20000 - 0x00007fff20ec8000 	C:\Windows\System32\shcore.dll
0x00007fff1ea30000 - 0x00007fff1f17a000 	C:\Windows\System32\windows.storage.dll
0x00007fff1e360000 - 0x00007fff1e384000 	C:\Windows\System32\profapi.dll
0x00007fff1e300000 - 0x00007fff1e35d000 	C:\Windows\System32\powrprof.dll
0x00007fff21a60000 - 0x00007fff21ab2000 	C:\Windows\System32\shlwapi.dll
0x00007fff1e390000 - 0x00007fff1e3a1000 	C:\Windows\System32\kernel.appcore.dll
0x00007fff1ea10000 - 0x00007fff1ea27000 	C:\Windows\System32\cryptsp.dll
0x00007fff193f0000 - 0x00007fff193fd000 	C:\Program Files\Java\jdk1.8\jdk1.8.0_251\jre\bin\management.dll
0x00007fff1b5e0000 - 0x00007fff1b5fa000 	C:\Program Files\Java\jdk1.8\jdk1.8.0_251\jre\bin\net.dll
0x00007fff1db90000 - 0x00007fff1dbf7000 	C:\Windows\system32\mswsock.dll
0x00007fff186a0000 - 0x00007fff186b2000 	C:\Program Files\Java\jdk1.8\jdk1.8.0_251\jre\bin\nio.dll
0x00007fff06830000 - 0x00007fff06846000 	C:\Windows\system32\napinsp.dll
0x00007fff06730000 - 0x00007fff0674a000 	C:\Windows\system32\pnrpnsp.dll
0x00007fff1d930000 - 0x00007fff1d9f6000 	C:\Windows\SYSTEM32\DNSAPI.dll
0x00007fff20db0000 - 0x00007fff20db8000 	C:\Windows\System32\NSI.dll
0x00007fff1d8f0000 - 0x00007fff1d92d000 	C:\Windows\SYSTEM32\IPHLPAPI.DLL
0x00007fff065a0000 - 0x00007fff065ae000 	C:\Windows\System32\winrnr.dll
0x00007fff1b560000 - 0x00007fff1b57b000 	C:\Windows\system32\NLAapi.dll
0x00007fff06580000 - 0x00007fff06595000 	C:\Windows\system32\wshbth.dll
0x00007fff16d60000 - 0x00007fff16d6a000 	C:\Windows\System32\rasadhlp.dll
0x00007fff14c00000 - 0x00007fff14c79000 	C:\Windows\System32\fwpuclnt.dll
0x00007fff1f180000 - 0x00007fff1f1a6000 	C:\Windows\System32\bcrypt.dll

VM Arguments:
java_command: C:\Users\ADMINI~1\AppData\Local\Temp\surefire800006558850403576\surefirebooter4188585253235044768.jar C:\Users\Administrator\AppData\Local\Temp\surefire800006558850403576 2022-01-21T22-17-05_838-jvmRun1 surefire2959712660684033597tmp surefire_05043228209821898373tmp
java_class_path (initial): C:\Users\ADMINI~1\AppData\Local\Temp\surefire800006558850403576\surefirebooter4188585253235044768.jar
Launcher Type: SUN_STANDARD

Environment Variables:
JAVA_HOME=C:\Program Files\Java\jdk1.8\jdk1.8.0_251
CLASSPATH=.;C:\Program Files\Java\jdk1.8\jdk1.8.0_251\lib\dt.jar;C:\Program Files\Java\jdk1.8\jdk1.8.0_251\lib\tools.jar
PATH="C:\Program Files\Java\jdk1.8\jdk1.8.0_251\bin;";G:\Xftp 6\;C:\Program Files (x86)\Common Files\Oracle\Java\javapath;C:\Windows\System32;"C:\Windows\system32;";C:\Users\Administrator\AppData\Roaming\npm;E:\node.js\npm_global;G:\Git\cmd;G:\node.js;G:\MATLAB 2019a\runtime\win64;G:\MATLAB 2019a\bin;G:\MATLAB 2019a\polyspace\bin;G:\erl-23.2\bin;G:\RibbitMQ\rabbitmq_server-3.8.10\sbin;G:\MinGW\bin;C:\Program Files\Java\jdk1.8\jdk1.8.0_251\bin;C:\Program Files\Java\jdk1.8\jdk1.8.0_251\jre\bin;F:\Anaconda3.5;F:\Anaconda3.5\Library\mingw-w64\bin;F:\Anaconda3.5\Library\usr\bin;F:\Anaconda3.5\Library\bin;F:\Anaconda3.5\Scripts;C:\Users\Administrator\AppData\Local\Programs\Python\Python38\Scripts\;C:\Users\Administrator\AppData\Local\Programs\Python\Python38\;C:\Users\Administrator\AppData\Local\Microsoft\WindowsApps;H:\pycharm\PyCharm Community Edition 2020.1\bin;;G:\新建文件夹\IntelliJ IDEA Community Edition 2020.1\bin;;H:\搜狗高速下载\apache-maven-3.6.3-bin\apache-maven-3.6.3\bin;G:\Microsoft VS Code\bin;F:\E盘\mysql\mysql-8.0.21-winx64\bin;C:\Users\Administrator\AppData\Roaming\npm;E:\node.js\npm_global;G:\node.js;;H:\pycharm\PyCharm 2020.1.1\bin;;C:\Program Files\Bandizip\
USERNAME=Administrator
OS=Windows_NT
PROCESSOR_IDENTIFIER=Intel64 Family 6 Model 142 Stepping 10, GenuineIntel



---------------  S Y S T E M  ---------------

OS: Windows 10.0 , 64 bit Build 17763 (10.0.17763.1)

CPU:total 8 (initial active 8) (4 cores per cpu, 2 threads per core) family 6 model 142 stepping 10, cmov, cx8, fxsr, mmx, sse, sse2, sse3, ssse3, sse4.1, sse4.2, popcnt, avx, avx2, aes, clmul, erms, 3dnowpref, lzcnt, ht, tsc, tscinvbit, bmi1, bmi2, adx

Memory: 4k page, physical 8283464k(624868k free), swap 18769348k(6392k free)

vm_info: Java HotSpot(TM) 64-Bit Server VM (25.251-b08) for windows-amd64 JRE (1.8.0_251-b08), built on Mar 12 2020 06:31:49 by "" with MS VC++ 10.0 (VS2010)

time: Fri Jan 21 22:17:09 2022
timezone: 中国标准时间
elapsed time: 3 seconds (0d 0h 0m 3s)

