#
# There is insufficient memory for the Java Runtime Environment to continue.
# Native memory allocation (malloc) failed to allocate 2282416 bytes for Chunk::new
# Possible reasons:
#   The system is out of physical RAM or swap space
#   The process is running with CompressedOops enabled, and the Java Heap may be blocking the growth of the native heap
# Possible solutions:
#   Reduce memory load on the system
#   Increase physical memory or swap space
#   Check if swap backing store is full
#   Decrease Java heap size (-Xmx/-Xms)
#   Decrease number of Java threads
#   Decrease Java thread stack sizes (-Xss)
#   Set larger code cache with -XX:ReservedCodeCacheSize=
#   JVM is running with Unscaled Compressed Oops mode in which the Java heap is
#     placed in the first 4GB address space. The Java Heap base address is the
#     maximum limit for the native heap growth. Please use -XX:HeapBaseMinAddress
#     to set the Java Heap base and to place the Java Heap above 4GB virtual address.
# This output file may be truncated or incomplete.
#
#  Out of Memory Error (allocation.cpp:389), pid=10736, tid=0x00000000000000e4
#
# JRE version: Java(TM) SE Runtime Environment (8.0_251-b08) (build 1.8.0_251-b08)
# Java VM: Java HotSpot(TM) 64-Bit Server VM (25.251-b08 mixed mode windows-amd64 compressed oops)
# Failed to write core dump. Minidumps are not enabled by default on client versions of Windows
#

---------------  T H R E A D  ---------------

Current thread (0x0000000019857000):  JavaThread "C2 CompilerThread2" daemon [_thread_in_native, id=228, stack(0x000000001a1d0000,0x000000001a2d0000)]

Stack: [0x000000001a1d0000,0x000000001a2d0000]
[error occurred during error reporting (printing stack bounds), id 0xc0000005]

Native frames: (J=compiled Java code, j=interpreted, Vv=VM code, C=native code)


Current CompileTask:
C2:   2271 2089   !   4       java.net.URLClassLoader$1::run (63 bytes)


---------------  P R O C E S S  ---------------

Java Threads: ( => current thread )
  0x000000001bb9c800 JavaThread "logback-2" daemon [_thread_blocked, id=1700, stack(0x000000001db20000,0x000000001dc20000)]
  0x0000000019a78000 JavaThread "surefire-forkedjvm-ping-30s" daemon [_thread_blocked, id=8004, stack(0x000000001a6d0000,0x000000001a7d0000)]
  0x00000000199d3000 JavaThread "surefire-forkedjvm-command-thread" daemon [_thread_in_native, id=14508, stack(0x000000001a5d0000,0x000000001a6d0000)]
  0x00000000198e8000 JavaThread "Service Thread" daemon [_thread_blocked, id=2492, stack(0x000000001a3d0000,0x000000001a4d0000)]
  0x000000001985c800 JavaThread "C1 CompilerThread3" daemon [_thread_blocked, id=12872, stack(0x000000001a2d0000,0x000000001a3d0000)]
=>0x0000000019857000 JavaThread "C2 CompilerThread2" daemon [_thread_in_native, id=228, stack(0x000000001a1d0000,0x000000001a2d0000)]
  0x0000000019856000 JavaThread "C2 CompilerThread1" daemon [_thread_in_native, id=17840, stack(0x000000001a0d0000,0x000000001a1d0000)]
  0x00000000197f7000 JavaThread "C2 CompilerThread0" daemon [_thread_in_native, id=17780, stack(0x0000000019fd0000,0x000000001a0d0000)]
  0x00000000197f5000 JavaThread "Attach Listener" daemon [_thread_blocked, id=13796, stack(0x0000000019ed0000,0x0000000019fd0000)]
  0x0000000019853000 JavaThread "Signal Dispatcher" daemon [_thread_blocked, id=12584, stack(0x0000000019dd0000,0x0000000019ed0000)]
  0x00000000197e0800 JavaThread "Finalizer" daemon [_thread_blocked, id=16400, stack(0x0000000019cc0000,0x0000000019dc0000)]
  0x0000000002a39000 JavaThread "Reference Handler" daemon [_thread_blocked, id=16936, stack(0x0000000019bc0000,0x0000000019cc0000)]
  0x0000000002942800 JavaThread "main" [_thread_in_Java, id=10308, stack(0x0000000002780000,0x0000000002880000)]

Other Threads:
  0x00000000179d7000 VMThread [stack: 0x00000000196c0000,0x00000000197c0000] [id=3340]
  0x0000000019902800 WatcherThread [stack: 0x000000001a4d0000,0x000000001a5d0000] [id=3996]

VM state:not at safepoint (normal execution)

VM Mutex/Monitor currently owned by a thread: None

heap address: 0x0000000081800000, size: 2024 MB, Compressed Oops mode: 32-bit
Narrow klass base: 0x0000000000000000, Narrow klass shift: 3
Compressed class space size: 1073741824 Address: 0x0000000100000000

Heap:
 PSYoungGen      total 71680K, used 41231K [0x00000000d5d80000, 0x00000000da880000, 0x0000000100000000)
  eden space 66560K, 54% used [0x00000000d5d80000,0x00000000d80c6648,0x00000000d9e80000)
  from space 5120K, 99% used [0x00000000d9e80000,0x00000000da37d838,0x00000000da380000)
  to   space 5120K, 0% used [0x00000000da380000,0x00000000da380000,0x00000000da880000)
 ParOldGen       total 64000K, used 11307K [0x0000000081800000, 0x0000000085680000, 0x00000000d5d80000)
  object space 64000K, 17% used [0x0000000081800000,0x000000008230adf8,0x0000000085680000)
 Metaspace       used 28476K, capacity 30312K, committed 30464K, reserved 1075200K
  class space    used 3646K, capacity 4014K, committed 4096K, reserved 1048576K

Card table byte_map: [0x0000000011e00000,0x0000000012200000] byte_map_base: 0x00000000119f4000

Marking Bits: (ParMarkBitMap*) 0x000000005f8daf90
 Begin Bits: [0x0000000012cb0000, 0x0000000014c50000)
 End Bits:   [0x0000000014c50000, 0x0000000016bf0000)

Polling page: 0x0000000002420000

CodeCache: size=245760Kb used=7736Kb max_used=7760Kb free=238023Kb
 bounds [0x0000000002a40000, 0x00000000031e0000, 0x0000000011a40000]
 total_blobs=2757 nmethods=2365 adapters=304
 compilation: enabled

Compilation events (10 events):
Event: 2.261 Thread 0x000000001985c800 2348       3       org.springframework.core.type.classreading.SimpleMethodMetadataReadingVisitor::getSource (36 bytes)
Event: 2.261 Thread 0x000000001985c800 nmethod 2348 0x00000000031bd2d0 code [0x00000000031bd440, 0x00000000031bd750]
Event: 2.261 Thread 0x000000001985c800 2350       1       org.springframework.core.type.classreading.SimpleMetadataReader::getClassMetadata (5 bytes)
Event: 2.261 Thread 0x000000001985c800 nmethod 2350 0x00000000031bd850 code [0x00000000031bd9a0, 0x00000000031bdab0]
Event: 2.261 Thread 0x000000001985c800 2352       3       java.util.ArrayDeque::calculateSize (55 bytes)
Event: 2.261 Thread 0x000000001985c800 nmethod 2352 0x00000000031bdb10 code [0x00000000031bdc60, 0x00000000031bde50]
Event: 2.261 Thread 0x000000001985c800 2351       3       org.springframework.core.io.ClassPathResource::hashCode (8 bytes)
Event: 2.261 Thread 0x000000001985c800 nmethod 2351 0x00000000031bded0 code [0x00000000031be040, 0x00000000031be248]
Event: 2.262 Thread 0x000000001985c800 2353       3       org.springframework.core.type.AnnotatedTypeMetadata::isAnnotated (13 bytes)
Event: 2.262 Thread 0x000000001985c800 nmethod 2353 0x00000000031be310 code [0x00000000031be480, 0x00000000031be758]

GC Heap History (10 events):
Event: 0.827 GC heap before
{Heap before GC invocations=2 (full 0):
 PSYoungGen      total 38400K, used 38150K [0x00000000d5d80000, 0x00000000d8800000, 0x0000000100000000)
  eden space 33280K, 100% used [0x00000000d5d80000,0x00000000d7e00000,0x00000000d7e00000)
  from space 5120K, 95% used [0x00000000d7e00000,0x00000000d82c1ad0,0x00000000d8300000)
  to   space 5120K, 0% used [0x00000000d8300000,0x00000000d8300000,0x00000000d8800000)
 ParOldGen       total 87552K, used 16K [0x0000000081800000, 0x0000000086d80000, 0x00000000d5d80000)
  object space 87552K, 0% used [0x0000000081800000,0x0000000081804000,0x0000000086d80000)
 Metaspace       used 13012K, capacity 13958K, committed 14208K, reserved 1060864K
  class space    used 1660K, capacity 1867K, committed 1920K, reserved 1048576K
Event: 0.833 GC heap after
Heap after GC invocations=2 (full 0):
 PSYoungGen      total 38400K, used 5114K [0x00000000d5d80000, 0x00000000da880000, 0x0000000100000000)
  eden space 33280K, 0% used [0x00000000d5d80000,0x00000000d5d80000,0x00000000d7e00000)
  from space 5120K, 99% used [0x00000000d8300000,0x00000000d87fe980,0x00000000d8800000)
  to   space 5120K, 0% used [0x00000000d7e00000,0x00000000d7e00000,0x00000000d8300000)
 ParOldGen       total 87552K, used 421K [0x0000000081800000, 0x0000000086d80000, 0x00000000d5d80000)
  object space 87552K, 0% used [0x0000000081800000,0x0000000081869790,0x0000000086d80000)
 Metaspace       used 13012K, capacity 13958K, committed 14208K, reserved 1060864K
  class space    used 1660K, capacity 1867K, committed 1920K, reserved 1048576K
}
Event: 1.143 GC heap before
{Heap before GC invocations=3 (full 0):
 PSYoungGen      total 38400K, used 38394K [0x00000000d5d80000, 0x00000000da880000, 0x0000000100000000)
  eden space 33280K, 100% used [0x00000000d5d80000,0x00000000d7e00000,0x00000000d7e00000)
  from space 5120K, 99% used [0x00000000d8300000,0x00000000d87fe980,0x00000000d8800000)
  to   space 5120K, 0% used [0x00000000d7e00000,0x00000000d7e00000,0x00000000d8300000)
 ParOldGen       total 87552K, used 421K [0x0000000081800000, 0x0000000086d80000, 0x00000000d5d80000)
  object space 87552K, 0% used [0x0000000081800000,0x0000000081869790,0x0000000086d80000)
 Metaspace       used 16536K, capacity 17700K, committed 17792K, reserved 1064960K
  class space    used 2131K, capacity 2356K, committed 2432K, reserved 1048576K
Event: 1.148 GC heap after
Heap after GC invocations=3 (full 0):
 PSYoungGen      total 38400K, used 5115K [0x00000000d5d80000, 0x00000000da880000, 0x0000000100000000)
  eden space 33280K, 0% used [0x00000000d5d80000,0x00000000d5d80000,0x00000000d7e00000)
  from space 5120K, 99% used [0x00000000d7e00000,0x00000000d82fede8,0x00000000d8300000)
  to   space 5120K, 0% used [0x00000000da380000,0x00000000da380000,0x00000000da880000)
 ParOldGen       total 87552K, used 2180K [0x0000000081800000, 0x0000000086d80000, 0x00000000d5d80000)
  object space 87552K, 2% used [0x0000000081800000,0x0000000081a213c0,0x0000000086d80000)
 Metaspace       used 16536K, capacity 17700K, committed 17792K, reserved 1064960K
  class space    used 2131K, capacity 2356K, committed 2432K, reserved 1048576K
}
Event: 1.512 GC heap before
{Heap before GC invocations=4 (full 0):
 PSYoungGen      total 38400K, used 33254K [0x00000000d5d80000, 0x00000000da880000, 0x0000000100000000)
  eden space 33280K, 84% used [0x00000000d5d80000,0x00000000d78fad28,0x00000000d7e00000)
  from space 5120K, 99% used [0x00000000d7e00000,0x00000000d82fede8,0x00000000d8300000)
  to   space 5120K, 0% used [0x00000000da380000,0x00000000da380000,0x00000000da880000)
 ParOldGen       total 87552K, used 2180K [0x0000000081800000, 0x0000000086d80000, 0x00000000d5d80000)
  object space 87552K, 2% used [0x0000000081800000,0x0000000081a213c0,0x0000000086d80000)
 Metaspace       used 19744K, capacity 21200K, committed 21296K, reserved 1067008K
  class space    used 2600K, capacity 2890K, committed 2944K, reserved 1048576K
Event: 1.522 GC heap after
Heap after GC invocations=4 (full 0):
 PSYoungGen      total 71680K, used 5117K [0x00000000d5d80000, 0x00000000da880000, 0x0000000100000000)
  eden space 66560K, 0% used [0x00000000d5d80000,0x00000000d5d80000,0x00000000d9e80000)
  from space 5120K, 99% used [0x00000000da380000,0x00000000da87f7d0,0x00000000da880000)
  to   space 5120K, 0% used [0x00000000d9e80000,0x00000000d9e80000,0x00000000da380000)
 ParOldGen       total 87552K, used 4982K [0x0000000081800000, 0x0000000086d80000, 0x00000000d5d80000)
  object space 87552K, 5% used [0x0000000081800000,0x0000000081cdd978,0x0000000086d80000)
 Metaspace       used 19744K, capacity 21200K, committed 21296K, reserved 1067008K
  class space    used 2600K, capacity 2890K, committed 2944K, reserved 1048576K
}
Event: 1.522 GC heap before
{Heap before GC invocations=5 (full 1):
 PSYoungGen      total 71680K, used 5117K [0x00000000d5d80000, 0x00000000da880000, 0x0000000100000000)
  eden space 66560K, 0% used [0x00000000d5d80000,0x00000000d5d80000,0x00000000d9e80000)
  from space 5120K, 99% used [0x00000000da380000,0x00000000da87f7d0,0x00000000da880000)
  to   space 5120K, 0% used [0x00000000d9e80000,0x00000000d9e80000,0x00000000da380000)
 ParOldGen       total 87552K, used 4982K [0x0000000081800000, 0x0000000086d80000, 0x00000000d5d80000)
  object space 87552K, 5% used [0x0000000081800000,0x0000000081cdd978,0x0000000086d80000)
 Metaspace       used 19744K, capacity 21200K, committed 21296K, reserved 1067008K
  class space    used 2600K, capacity 2890K, committed 2944K, reserved 1048576K
Event: 1.564 GC heap after
Heap after GC invocations=5 (full 1):
 PSYoungGen      total 71680K, used 0K [0x00000000d5d80000, 0x00000000da880000, 0x0000000100000000)
  eden space 66560K, 0% used [0x00000000d5d80000,0x00000000d5d80000,0x00000000d9e80000)
  from space 5120K, 0% used [0x00000000da380000,0x00000000da380000,0x00000000da880000)
  to   space 5120K, 0% used [0x00000000d9e80000,0x00000000d9e80000,0x00000000da380000)
 ParOldGen       total 64000K, used 7802K [0x0000000081800000, 0x0000000085680000, 0x00000000d5d80000)
  object space 64000K, 12% used [0x0000000081800000,0x0000000081f9eb60,0x0000000085680000)
 Metaspace       used 19744K, capacity 21200K, committed 21296K, reserved 1067008K
  class space    used 2600K, capacity 2890K, committed 2944K, reserved 1048576K
}
Event: 1.982 GC heap before
{Heap before GC invocations=6 (full 1):
 PSYoungGen      total 71680K, used 66560K [0x00000000d5d80000, 0x00000000da880000, 0x0000000100000000)
  eden space 66560K, 100% used [0x00000000d5d80000,0x00000000d9e80000,0x00000000d9e80000)
  from space 5120K, 0% used [0x00000000da380000,0x00000000da380000,0x00000000da880000)
  to   space 5120K, 0% used [0x00000000d9e80000,0x00000000d9e80000,0x00000000da380000)
 ParOldGen       total 64000K, used 7802K [0x0000000081800000, 0x0000000085680000, 0x00000000d5d80000)
  object space 64000K, 12% used [0x0000000081800000,0x0000000081f9eb60,0x0000000085680000)
 Metaspace       used 26782K, capacity 28464K, committed 28672K, reserved 1075200K
  class space    used 3471K, capacity 3820K, committed 3840K, reserved 1048576K
Event: 1.989 GC heap after
Heap after GC invocations=6 (full 1):
 PSYoungGen      total 71680K, used 5110K [0x00000000d5d80000, 0x00000000da880000, 0x0000000100000000)
  eden space 66560K, 0% used [0x00000000d5d80000,0x00000000d5d80000,0x00000000d9e80000)
  from space 5120K, 99% used [0x00000000d9e80000,0x00000000da37d838,0x00000000da380000)
  to   space 5120K, 0% used [0x00000000da380000,0x00000000da380000,0x00000000da880000)
 ParOldGen       total 64000K, used 11307K [0x0000000081800000, 0x0000000085680000, 0x00000000d5d80000)
  object space 64000K, 17% used [0x0000000081800000,0x000000008230adf8,0x0000000085680000)
 Metaspace       used 26782K, capacity 28464K, committed 28672K, reserved 1075200K
  class space    used 3471K, capacity 3820K, committed 3840K, reserved 1048576K
}

Deoptimization events (10 events):
Event: 1.492 Thread 0x0000000002942800 Uncommon trap: reason=array_check action=maybe_recompile pc=0x0000000003019740 method=java.util.AbstractCollection.toArray([Ljava/lang/Object;)[Ljava/lang/Object; @ 119
Event: 1.495 Thread 0x0000000002942800 Uncommon trap: reason=array_check action=maybe_recompile pc=0x0000000003019740 method=java.util.AbstractCollection.toArray([Ljava/lang/Object;)[Ljava/lang/Object; @ 119
Event: 1.497 Thread 0x0000000002942800 Uncommon trap: reason=array_check action=maybe_recompile pc=0x0000000003019740 method=java.util.AbstractCollection.toArray([Ljava/lang/Object;)[Ljava/lang/Object; @ 119
Event: 1.502 Thread 0x0000000002942800 Uncommon trap: reason=array_check action=maybe_recompile pc=0x0000000003019740 method=java.util.AbstractCollection.toArray([Ljava/lang/Object;)[Ljava/lang/Object; @ 119
Event: 1.503 Thread 0x0000000002942800 Uncommon trap: reason=unstable_if action=reinterpret pc=0x0000000002ec340c method=java.net.URL.<init>(Ljava/net/URL;Ljava/lang/String;Ljava/net/URLStreamHandler;)V @ 347
Event: 1.641 Thread 0x0000000002942800 Uncommon trap: reason=unstable_if action=reinterpret pc=0x0000000002be5118 method=sun.nio.cs.UTF_8$Encoder.encode([CII[B)I @ 33
Event: 1.771 Thread 0x0000000002942800 Uncommon trap: reason=unstable_if action=reinterpret pc=0x0000000002e1fd10 method=java.lang.reflect.Method.equals(Ljava/lang/Object;)Z @ 49
Event: 1.845 Thread 0x000000001b5f4800 Uncommon trap: reason=unstable_if action=reinterpret pc=0x0000000002d26a88 method=jdk.internal.org.objectweb.asm.Type.getArgumentsAndReturnSizes(Ljava/lang/String;)I @ 47
Event: 2.200 Thread 0x0000000002942800 Uncommon trap: reason=bimorphic action=maybe_recompile pc=0x000000000301e59c method=java.util.HashMap.putVal(ILjava/lang/Object;Ljava/lang/Object;ZZ)Ljava/lang/Object; @ 203
Event: 2.247 Thread 0x0000000002942800 Uncommon trap: reason=bimorphic action=maybe_recompile pc=0x000000000301e59c method=java.util.HashMap.putVal(ILjava/lang/Object;Ljava/lang/Object;ZZ)Ljava/lang/Object; @ 203

Classes redefined (0 events):
No events

Internal exceptions (10 events):
Event: 1.973 Thread 0x0000000002942800 Exception <a 'java/lang/ClassNotFoundException': org/springframework/beans/factory/AwareCustomizer> (0x00000000d9d64d08) thrown at [C:\jenkins\workspace\8-2-build-windows-amd64-cygwin\jdk8u251\737\hotspot\src\share\vm\classfile\systemDictionary.cpp, line 
Event: 1.973 Thread 0x0000000002942800 Exception <a 'java/lang/ClassNotFoundException': org/springframework/context/ApplicationStartupAwareCustomizer> (0x00000000d9d89750) thrown at [C:\jenkins\workspace\8-2-build-windows-amd64-cygwin\jdk8u251\737\hotspot\src\share\vm\classfile\systemDictionar
Event: 1.974 Thread 0x0000000002942800 Exception <a 'java/lang/ClassNotFoundException': org/springframework/beans/factory/AwareCustomizer> (0x00000000d9daa338) thrown at [C:\jenkins\workspace\8-2-build-windows-amd64-cygwin\jdk8u251\737\hotspot\src\share\vm\classfile\systemDictionary.cpp, line 
Event: 1.974 Thread 0x0000000002942800 Exception <a 'java/lang/ClassNotFoundException': org/springframework/beans/factory/BeanClassLoaderAwareCustomizer> (0x00000000d9dcfeb8) thrown at [C:\jenkins\workspace\8-2-build-windows-amd64-cygwin\jdk8u251\737\hotspot\src\share\vm\classfile\systemDictio
Event: 1.975 Thread 0x0000000002942800 Exception <a 'java/lang/ClassNotFoundException': org/springframework/beans/factory/AwareCustomizer> (0x00000000d9df0630) thrown at [C:\jenkins\workspace\8-2-build-windows-amd64-cygwin\jdk8u251\737\hotspot\src\share\vm\classfile\systemDictionary.cpp, line 
Event: 1.976 Thread 0x0000000002942800 Exception <a 'java/lang/ClassNotFoundException': org/springframework/context/EnvironmentAwareCustomizer> (0x00000000d9e11c98) thrown at [C:\jenkins\workspace\8-2-build-windows-amd64-cygwin\jdk8u251\737\hotspot\src\share\vm\classfile\systemDictionary.cpp, 
Event: 1.977 Thread 0x0000000002942800 Exception <a 'java/lang/ClassNotFoundException': org/springframework/beans/factory/AwareCustomizer> (0x00000000d9e322f0) thrown at [C:\jenkins\workspace\8-2-build-windows-amd64-cygwin\jdk8u251\737\hotspot\src\share\vm\classfile\systemDictionary.cpp, line 
Event: 2.135 Thread 0x0000000002942800 Exception <a 'java/lang/IncompatibleClassChangeError': Found class java.lang.Object, but interface was expected> (0x00000000d7046d68) thrown at [C:\jenkins\workspace\8-2-build-windows-amd64-cygwin\jdk8u251\737\hotspot\src\share\vm\interpreter\linkResolver
Event: 2.174 Thread 0x0000000002942800 Exception <a 'java/lang/NoSuchMethodError': java.lang.Object.lambda$getAllAnnotationAttributes$0(Lorg/springframework/util/MultiValueMap;)Lorg/springframework/util/MultiValueMap;> (0x00000000d7387d38) thrown at [C:\jenkins\workspace\8-2-build-windows-amd6
Event: 2.174 Thread 0x0000000002942800 Exception <a 'java/lang/NoSuchMethodError': java.lang.Object.lambda$identity$2(Ljava/lang/Object;)Ljava/lang/Object;> (0x00000000d738b7b8) thrown at [C:\jenkins\workspace\8-2-build-windows-amd64-cygwin\jdk8u251\737\hotspot\src\share\vm\interpreter\linkRes

Events (10 events):
Event: 2.246 loading class org/apache/jasper/compiler/JspConfig done
Event: 2.246 loading class org/apache/jasper/compiler$JspConfig
Event: 2.246 loading class org/apache/jasper/compiler$JspConfig done
Event: 2.247 Thread 0x0000000002942800 Uncommon trap: trap_request=0xffffffc6 fr.pc=0x000000000301e59c
Event: 2.247 Thread 0x0000000002942800 DEOPT PACKING pc=0x000000000301e59c sp=0x000000000287c400
Event: 2.247 Thread 0x0000000002942800 DEOPT UNPACKING pc=0x0000000002a8583b sp=0x000000000287c300 mode 2
Event: 2.254 loading class org/springframework/boot/autoconfigure/web/ConditionalOnEnabledResourceChain
Event: 2.254 loading class org/springframework/boot/autoconfigure/web/ConditionalOnEnabledResourceChain done
Event: 2.255 loading class org/springframework/boot/autoconfigure/web/OnEnabledResourceChainCondition
Event: 2.255 loading class org/springframework/boot/autoconfigure/web/OnEnabledResourceChainCondition done


Dynamic libraries:
0x00007ff6434f0000 - 0x00007ff643527000 	C:\Program Files\Java\jdk1.8\jdk1.8.0_251\jre\bin\java.exe
0x00007fff22300000 - 0x00007fff224ed000 	C:\Windows\SYSTEM32\ntdll.dll
0x00007fff21160000 - 0x00007fff21213000 	C:\Windows\System32\KERNEL32.DLL
0x00007fff1e3d0000 - 0x00007fff1e663000 	C:\Windows\System32\KERNELBASE.dll
0x00007fff20bb0000 - 0x00007fff20c53000 	C:\Windows\System32\ADVAPI32.DLL
0x00007fff21730000 - 0x00007fff217ce000 	C:\Windows\System32\msvcrt.dll
0x00007fff21350000 - 0x00007fff213ee000 	C:\Windows\System32\sechost.dll
0x00007fff213f0000 - 0x00007fff21512000 	C:\Windows\System32\RPCRT4.dll
0x00007fff21520000 - 0x00007fff216b7000 	C:\Windows\System32\USER32.dll
0x00007fff1e670000 - 0x00007fff1e690000 	C:\Windows\System32\win32u.dll
0x00007fff20a20000 - 0x00007fff20a49000 	C:\Windows\System32\GDI32.dll
0x00007fff1e870000 - 0x00007fff1ea0a000 	C:\Windows\System32\gdi32full.dll
0x00007fff1f210000 - 0x00007fff1f2b0000 	C:\Windows\System32\msvcp_win.dll
0x00007fff1f360000 - 0x00007fff1f45c000 	C:\Windows\System32\ucrtbase.dll
0x00007fff14d10000 - 0x00007fff14f89000 	C:\Windows\WinSxS\amd64_microsoft.windows.common-controls_6595b64144ccf1df_6.0.17763.194_none_05b3366207211c42\COMCTL32.dll
0x00007fff21fa0000 - 0x00007fff222cd000 	C:\Windows\System32\combase.dll
0x00007fff1f460000 - 0x00007fff1f4de000 	C:\Windows\System32\bcryptPrimitives.dll
0x00007fff20ed0000 - 0x00007fff20efe000 	C:\Windows\System32\IMM32.DLL
0x000000005f960000 - 0x000000005fa32000 	C:\Program Files\Java\jdk1.8\jdk1.8.0_251\jre\bin\msvcr100.dll
0x000000005f0b0000 - 0x000000005f95b000 	C:\Program Files\Java\jdk1.8\jdk1.8.0_251\jre\bin\server\jvm.dll
0x00007fff21150000 - 0x00007fff21158000 	C:\Windows\System32\PSAPI.DLL
0x00007fff1ced0000 - 0x00007fff1ced9000 	C:\Windows\SYSTEM32\WSOCK32.dll
0x00007fff216c0000 - 0x00007fff2172d000 	C:\Windows\System32\WS2_32.dll
0x00007fff1b580000 - 0x00007fff1b5a4000 	C:\Windows\SYSTEM32\WINMM.dll
0x00007fff18f50000 - 0x00007fff18f5a000 	C:\Windows\SYSTEM32\VERSION.dll
0x00007fff1b520000 - 0x00007fff1b54d000 	C:\Windows\SYSTEM32\winmmbase.dll
0x00007fff1f4e0000 - 0x00007fff1f52a000 	C:\Windows\System32\cfgmgr32.dll
0x00007fff1b710000 - 0x00007fff1b71f000 	C:\Program Files\Java\jdk1.8\jdk1.8.0_251\jre\bin\verify.dll
0x00007fff1b6e0000 - 0x00007fff1b709000 	C:\Program Files\Java\jdk1.8\jdk1.8.0_251\jre\bin\java.dll
0x00007fff1b620000 - 0x00007fff1b636000 	C:\Program Files\Java\jdk1.8\jdk1.8.0_251\jre\bin\zip.dll
0x00007fff1f530000 - 0x00007fff20a1f000 	C:\Windows\System32\SHELL32.dll
0x00007fff20e20000 - 0x00007fff20ec8000 	C:\Windows\System32\shcore.dll
0x00007fff1ea30000 - 0x00007fff1f17a000 	C:\Windows\System32\windows.storage.dll
0x00007fff1e360000 - 0x00007fff1e384000 	C:\Windows\System32\profapi.dll
0x00007fff1e300000 - 0x00007fff1e35d000 	C:\Windows\System32\powrprof.dll
0x00007fff21a60000 - 0x00007fff21ab2000 	C:\Windows\System32\shlwapi.dll
0x00007fff1e390000 - 0x00007fff1e3a1000 	C:\Windows\System32\kernel.appcore.dll
0x00007fff1ea10000 - 0x00007fff1ea27000 	C:\Windows\System32\cryptsp.dll
0x00007fff193f0000 - 0x00007fff193fd000 	C:\Program Files\Java\jdk1.8\jdk1.8.0_251\jre\bin\management.dll
0x00007fff1b5e0000 - 0x00007fff1b5fa000 	C:\Program Files\Java\jdk1.8\jdk1.8.0_251\jre\bin\net.dll
0x00007fff1db90000 - 0x00007fff1dbf7000 	C:\Windows\system32\mswsock.dll
0x00007fff186a0000 - 0x00007fff186b2000 	C:\Program Files\Java\jdk1.8\jdk1.8.0_251\jre\bin\nio.dll
0x00007fff06830000 - 0x00007fff06846000 	C:\Windows\system32\napinsp.dll
0x00007fff06730000 - 0x00007fff0674a000 	C:\Windows\system32\pnrpnsp.dll
0x00007fff1d930000 - 0x00007fff1d9f6000 	C:\Windows\SYSTEM32\DNSAPI.dll
0x00007fff20db0000 - 0x00007fff20db8000 	C:\Windows\System32\NSI.dll
0x00007fff1d8f0000 - 0x00007fff1d92d000 	C:\Windows\SYSTEM32\IPHLPAPI.DLL
0x00007fff065a0000 - 0x00007fff065ae000 	C:\Windows\System32\winrnr.dll
0x00007fff1b560000 - 0x00007fff1b57b000 	C:\Windows\system32\NLAapi.dll
0x00007fff06580000 - 0x00007fff06595000 	C:\Windows\system32\wshbth.dll
0x00007fff16d60000 - 0x00007fff16d6a000 	C:\Windows\System32\rasadhlp.dll
0x00007fff14c00000 - 0x00007fff14c79000 	C:\Windows\System32\fwpuclnt.dll
0x00007fff1f180000 - 0x00007fff1f1a6000 	C:\Windows\System32\bcrypt.dll

VM Arguments:
java_command: C:\Users\ADMINI~1\AppData\Local\Temp\surefire6424258189248702495\surefirebooter895427905654072157.jar C:\Users\Administrator\AppData\Local\Temp\surefire6424258189248702495 2022-01-21T21-47-43_776-jvmRun1 surefire4803889520308781794tmp surefire_08942183572584036789tmp
java_class_path (initial): C:\Users\ADMINI~1\AppData\Local\Temp\surefire6424258189248702495\surefirebooter895427905654072157.jar
Launcher Type: SUN_STANDARD

Environment Variables:
JAVA_HOME=C:\Program Files\Java\jdk1.8\jdk1.8.0_251
CLASSPATH=.;C:\Program Files\Java\jdk1.8\jdk1.8.0_251\lib\dt.jar;C:\Program Files\Java\jdk1.8\jdk1.8.0_251\lib\tools.jar
PATH="C:\Program Files\Java\jdk1.8\jdk1.8.0_251\bin;";G:\Xftp 6\;C:\Program Files (x86)\Common Files\Oracle\Java\javapath;C:\Windows\System32;"C:\Windows\system32;";C:\Users\Administrator\AppData\Roaming\npm;E:\node.js\npm_global;G:\Git\cmd;G:\node.js;G:\MATLAB 2019a\runtime\win64;G:\MATLAB 2019a\bin;G:\MATLAB 2019a\polyspace\bin;G:\erl-23.2\bin;G:\RibbitMQ\rabbitmq_server-3.8.10\sbin;G:\MinGW\bin;C:\Program Files\Java\jdk1.8\jdk1.8.0_251\bin;C:\Program Files\Java\jdk1.8\jdk1.8.0_251\jre\bin;F:\Anaconda3.5;F:\Anaconda3.5\Library\mingw-w64\bin;F:\Anaconda3.5\Library\usr\bin;F:\Anaconda3.5\Library\bin;F:\Anaconda3.5\Scripts;C:\Users\Administrator\AppData\Local\Programs\Python\Python38\Scripts\;C:\Users\Administrator\AppData\Local\Programs\Python\Python38\;C:\Users\Administrator\AppData\Local\Microsoft\WindowsApps;H:\pycharm\PyCharm Community Edition 2020.1\bin;;G:\新建文件夹\IntelliJ IDEA Community Edition 2020.1\bin;;H:\搜狗高速下载\apache-maven-3.6.3-bin\apache-maven-3.6.3\bin;G:\Microsoft VS Code\bin;F:\E盘\mysql\mysql-8.0.21-winx64\bin;C:\Users\Administrator\AppData\Roaming\npm;E:\node.js\npm_global;G:\node.js;;H:\pycharm\PyCharm 2020.1.1\bin;;C:\Program Files\Bandizip\
USERNAME=Administrator
OS=Windows_NT
PROCESSOR_IDENTIFIER=Intel64 Family 6 Model 142 Stepping 10, GenuineIntel



---------------  S Y S T E M  ---------------

OS: Windows 10.0 , 64 bit Build 17763 (10.0.17763.1)

CPU:total 8 (initial active 8) (4 cores per cpu, 2 threads per core) family 6 model 142 stepping 10, cmov, cx8, fxsr, mmx, sse, sse2, sse3, ssse3, sse4.1, sse4.2, popcnt, avx, avx2, aes, clmul, erms, 3dnowpref, lzcnt, ht, tsc, tscinvbit, bmi1, bmi2, adx

Memory: 4k page, physical 8283464k(310268k free), swap 18769348k(3208k free)

vm_info: Java HotSpot(TM) 64-Bit Server VM (25.251-b08) for windows-amd64 JRE (1.8.0_251-b08), built on Mar 12 2020 06:31:49 by "" with MS VC++ 10.0 (VS2010)

time: Fri Jan 21 21:47:46 2022
timezone: 中国标准时间
elapsed time: 2 seconds (0d 0h 0m 2s)

